38718458162184192
43599931201687552
25426785378242560
7168563521527808
48593091967451137
46262052821536768
50271243559124992
49897323517583360
49748582445744129
14216474134577152
27491716130934784
43418534432350208
47526775621816321
49279087482650624
43711491152691200
43465352172150784
47801173515829248
48345724227821568
49711933183635456
17958624957566976
49904154927308801
46428897868386304
50035202294169600
50166390631579649
50035015194648576
50033711361699840
43592597301764097
50036269878755328
50008872756318208
48448931780247552
48240787942682624
43720652296949760
50171081218195456
50188961729085440
43013322643218432
43303865902301184
28867146285
49759546402545665
43708316169412608
47600772791279617
42934725425373184
48420442393939968
49277674291593218
49238220097077248
42942980734193664
50257816258232321
48732339039248384
40763853595877376
49574631132233729
49282351712317440
48286627071668224
49715426787205120
48942538270318592
43659746804371456
46198305050464256
49422328282615808
44908638015459328
48704599829397504
45777452445876225
48095255081394176
47745807713181696
50071214978379776
48369250443862017
43429826794766336
49286057589620736
48369113130733568
49864149886451713
44842960503844864
50122115717935104
49328793147547648
47600028063240192
46376854361358336
50059683775524864
49911784903159808
48767225280208897
49566295309557760
43426233333202945
47650726545063937
43562240208670720
49910000776257536
49259608937742336
50015972639248384
50165550587985920
48373051166961664
43668387989172224
48810648712392704
50033917092311040
45179621343367168
48431134803116032
46343099991072769
49208114750300160
43001038525054978
43714896562626560
48474491709431808
44590727145066497
43809286333267968
50283529585688576
43296868561723392
49926329038159872
43364313414643712
48468038818865152
46789355473338368
43786458078773248
43085964503040000
50231556454891520
50299763492532224
49281206327578624
49942333239734273
49659306769006592
48468754815926272
43974915245883392
48500568909561856
50048333422669825
48811853480075264
48413875221184512
49921703605846016
10408280941658112
49502167467442176
49615927553167360
50009475993706496
46669545750016001
47756030922342400
49143879399768064
48913090514927616
43714403228598272
48141481558548480
50308087302733824
48447510817153024
50187416098713600
49883390995992576
47717459897221120
49670488842186753
49692198677127168
42587624631828480
49272176720875521
50250766266535936
49949982064775168
50261870220820480
50046482648281088
50192920229314560
10418016713973762
49715944603389952
49716094667210752
49884813343195137
50071068525862912
47350234778574850
48772128782295040
50249819159146496
47177996783726593
49222663318679552
48533257020641280
49963237835407360
28867096610
45538035588268033
49295890829156352
43728233082003456
46015149093552128
48531204248580096
49384504019795968
47376375765680129
17444585848446976
49921983802114048
47366793404235776
50071335975653376
49348794709577728
49901538012971008
46234634299772928
19200634553106432
44815766364758016
26000235377463296
49014456054857728
33442468166897664
46576709331451904
46842662942289920
48958274778828800
49291616581722112
48104098721050624
43779608595791872
49894146386837504
43027354032939008
47062616882946048
46670732331188224
43620332719976448
48268312085405696
41034955039588352
49202335787921408
49685777046716416
18546703174995968
50291346082242560
40343962950565889
48857561126027265
49932070495076352
49292804681252864
50186273138282496
18794387232268288
43721917559091200
46649582242893825
50239687956238336
43652999150706688
49616923142524928
49227755312787456
50009314915663872
43711578012532737
9589508966187008
18840162360365057
46580257704259584
7466981229854720
50071152575516672
49869747491323904
46584916535812096
39717686799896577
18746384475750402
48822480667820032
18958825910444033
48860656274911232
47433257859555328
17959296583077888
32230984111890434
33274367504814080
50295013007040512
50238726328172545
48160289945960448
49911281569902592
47832072605282304
50287390081826816
47698255169073152
48810631041781760
47348651533672448
49502776174186497
43659895983181824
32521249372512256
43303207996362752
43736146064314368
40762831049736192
50314953617440768
49888205876629504
14216330668417024
50203133401497600
49922544471515136
47650806131994625
43659687207505920
27494939336114176
49434669510426624
43783485965602816
46256358760255489
49365299300016128
49954897872961536
50202150139211776
48732878892302336
43713423741173760
50071407220097024
48732448950992896
18946672293847040
48590675775725568
17742626560147456
43303146449145856
49919418314137601
9897066125852672
46267599553708032
42905763978543104
48919179000168448
48402892956246016
33781064761614336
43029593397018624
49937172953960448
7816821830848512
50243147502059520
49959903141445632
43667055618162688
13848292421
49924619209162752
49270714062209025
43697536430637056
48448177854103553
49872471620460544
48222416433975296
43777271185670144
49985084354334720
10417891518189568
43658543689244672
49954079643942912
43714309146161153
44406555688435713
43670825089499136
49953960185958400
46669957492252673
43424236634771456
49878462353256449
49891990816563200
49869159814803458
50075432497852416
43304436877115392
43629512814100480
49625228661374977
50233878044094464
45506571496730624
50233303567056897
47632880251318272
48813192033472512
45911529283010560
48813381515345920
34306079554801664
48468297364148224
47394746603282432
19176491463999488
48449783085539328
43421842723188736
43064884929363968
48465971043778560
48738431328714752
48468083307851776
48853092095107072
10472181154717696
43303635572113408
50075192696901633
39895064465379328
49859843007332352
43714627384770560
49474276214063104
46018719473876992
33151646586372096
43716181819006976
49715111874662400
45302515012608001
45642715383332864
12239478533914625
46239428028542976
50046644636487680
49285778571923456
43715347240587264
43670491701067776
43713860238192640
47333760848502784
35862559936487424
49863822793641985
43683815339732992
49570150223056896
37224991179153408
42914288159035392
47342364431355905
49905509146431488
46791874874322944
43430727966142464
47792404178284544
43456651998666752
49457873784274944
49378127394254848
18910514507681792
48469062283571200
46239714512093184
49140166757064704
48385840812007424
48591777682292736
49948274987237376
17742959046819840
49932224870621186
49861634600079360
49872712092491776
49392020640378880
50254734988283904
49902187425443840
46605933123616768
45909131227443200
29459885533
43690579435061248
28167586445271040
34760571987558400
49840774300450818
48208959429025792
49289191934275584
48957779553165312
49983982955270146
49574541697089537
49163098661191680
48573622926843904
49492360391962624
14450961581875200
49093901717479425
48874958612463616
29459831242
49438120193699840
50251241200160768
40763319669366784
49921145130065921
30669628271235072
49930957293228032
18943366410539008
49889803348623361
50059867297292288
13848368514
45096259396182016
49955685760376832
50030052087316480
43480683343126529
47083300120035328
43584689121918976
43716529090596864
18941895937884161
42992863365177344
41091104422105088
18877636503670784
18834637048512512
43569569251594240
40764186678149120
47706441037000704
48464757350604800
45882957570904064
43714518714556416
47970757745184768
49581913710669824
50310671144976384
43787585696440321
49629839136800769
43660317187780609
49628054913425408
9588888452464640
50305320530087936
49949536352870401
49417265547968512
43028427405656065
43630013072945152
47839911499415553
49847835247652865
37207704430714881
50075350130102272
49905766131433472
43650707110379521
49883233193705472
43621307895660544
48961716146540544
49259775644549121
48473709756952576
49138586028740608
50027962115960832
50306331365736448
49751557398462464
42905047864053761
7816186347655168
35106098604281856
49925223998431232
48705209098174464
40813988577161216
47543419052113920
45902013426450432
9896608430821376
49260008910766080
49952730961281024
45901659632697344
44818889451905025
31012375855366144
43302365960474624
42916900300275712
46642122090225664
49574836141432832
43027463768510465
12921522515607552
50070930520678400
40814631433932800
49278768791040000
43067102386597888
46789708830883840
45784488596348929
49759331536748544
47880807968276480
48469010655883264
19202519104229376
10048488691728385
43614798763655168
49750364710375424
18555112054071296
48429248725254144
49751849506578432
22311114322743296
50071455089692672
49208369554268160
49917812759732224
50045183672320000
25426873597038593
49926002511581184
48924546715230208
50006488445485056
43718751543238656
50189209125928960
49417192063778816
45323108768419840
43718281760210944
50070994060181504
47083493943017472
46583657066020864
46184722304483328
45788610229829632
50078208321785857
49440068686970881
7467898998104065
50078280157638656
41037040686600192
18815381573472256
49662588350496769
50247800469987328
49350522653777920
49126248701632512
43716009273729024
