Traceback (most recent call last):
  File "spotIsAmbig.py", line 17, in <module>
    spots_all = sum(spots_raw, [])
TypeError: can only concatenate list (not "str") to list
raining
LIFE
Andreas
Omnipotent
radio_host
Can_we
big_apple
sleep
Decorations
hate
B2B
Julie_Atherton
relationships
on_air
votes
LAST
new_way
tweet
Watch
Mediterranean
Ranger
wake_up
NYc
rescue
regional
handling
updates
GA
Follow_us
tickets
school
Attic
Bacon
on_deck
up_and_down
Austin_City_Limits
Go
SPOT_ON
heading
BBC_Radio_2
enjoy
Taps
not_alone
grammar_nazis
29th
Festival
japanese
street
Gideon
Maze
Johann_Hari
military_campaign
christ
Amazon
above
budget_committee
new
ever
Made
Al_Horford
upchuck
here
hundreds
command_structure
studio
aid
Kings_of_Leon
Motivation
kids
good_night
Tuesday
Queen
credit
simply_amazing
military
i'm
changes
missing
criticism
Orleans
web_designers
campaign
Huffington_Post
Support
ROFL
bro
Behind
pesto
unit
Funny_or_Die
sarah
would
Podio
arms
Stay
cali
music
typo
car_manufacturing
strike
25th
tell
Christina
WSJ
web_design
Pratibha
Austin_TX
hurt
phone
warm
separates
hold
must
shoot
Inning
Crazy
word
room
work
Gabba
thank_you
daft
Suzuki_Motor
loud_speaker
Hagar
my
tomahawk
vodka
Le
Lo
cong
foods
want
i_hope
times
Dempsey
end
new_standards
Phoenix
record_player
1pm
nuts
LV
how
amazing
hop
interview
III
beauty
my_way
bday
my_home
Will
wrong
president
Sammy
purchase
Tough
effective
wins
childhood
Nick_Jr
Fabulous
green
enter
fan
Praying
way_big
wind
TRUE_AMERICAN
Blue
Manchester
deck
over
presence
m_5
london
Tips
TRUE
ticket
digest
His
What's
HALEY
Here
writing
game_on
Kemba_Walker
weeks
NORWAY
then
Observatory
European_nations
band
UK_Border_Agency
My_mom
Prop
grammar
Indie
India
Four
victory
lawnmower
went
Check
Shakira
mean
make_my
gunna
Wow
2day
businesswomen
Discovery
fan_site
network
6_years
content
re
nite
gov
Super
Must
HOW_TO
AFF
eternal
free
Scenes
Roth
countdown_clock
Gaddafi
no_more
Ugh
Clinton
Parade
Photo
National
days
AMERICAN
musicians
Sierra_Club
loud
Sheikh_Zayed
landlords
Ponzi
Please
restrict
Kyiv
what_the_HELL
Website
Cee
Congress
top
girls
Queen_Elizabeth_II
elevator
Behind_the_scenes
turn_it_around
get_you
Rebecca
dogs
listen
tool
BBC
to_be_real
wasted
Charleston
white
Hawk
coward
immigrants
scenes
nations
shower
absence
KEYTAR
friend
Sen
enabler
feeling
minus
mini
rad
raining_cats_and_dogs
mind
eyes
Celery
power_unit
rap
stomach
mins
put_on
seminar
My_Friend
user_experience
snow
Let's
Band
Economic
Infinite_Arms
amusing
forces
season
Jones
Qs
shall
wells
scripts
hide
Mean
don
my_list
clock
m
Bound
Democrat
reputation
Want
AdWords
QI
came
reserve
Kiev
Agency
radio
Timetable
European
April_2
Santiago
Firefox_4
Big
No_Age
Bit
rice
Ntl
do
sense_of_humour
Yo
Turns
stop
report
Yell
lmao
vicariously
bar
countries
vlog
hip_hop
respond
Thanks_again
in_this_time
David_Lee_Roth
news
Google_AdWords
best
stuffy_nose
Run
Analytics
sexytime
ninja_day
DMs
cooperation
hopefully
Baby_Shower
pirate
side
we
LOVE
confusion
Plugins
Budget
run_it
wheelbarrow
cousin
Good_job
packages
Log
met
country
incense
Waking
games
marrying
com
pre
Pinochet
directions
Forest
Closed
We_shall_see
Method
targeting
basis
advert
stadium
website
life
Tokyo
hospitalized
Poland
REDCROSS
stay_with_it
child
tradition
spin
Andreas_Wiig
crossed
air
Wash
evening
ain
teachers
Follow
balance
study
later_today
cons
cont
Nag
On
is
Right_now
it
LOL
Write
player
experts
in
coming_out
trade
if
Horses
confirmed
make
punctuation
Cant
Die
vegetable
President
Shutters
loved_ones
Maybe
tomahawk_missiles
hand
pubs
runoff
kim
Home
thoughts
kid
WTOP
stay_together
charlie
Jayhawks
suffering
Angel_Oak
claims
the
pirate_day
yours
left
background
yea
photo
Cary_North_Carolina
ideas
thanks
human
yes
bit
Happy
need_to_know
Day_One
Photos
Super_group
beloved
Jenny_Silver
has
My_boys
photographed
knock
James
Taking
Try
Chrysler
designers
Art
gift
55
Newsletters
all_day
IUCN
Are
7th_Inning_Stretch
security
Prince
www
right
old
people
must_get_out
MP3
late_night_restaurant
congratulate
what_we_have
Lee
for
pick_up
comments
Arab_league
everything
Hi
Facebook
shakespeare
cnn
Ha
marketing
night
post
manufacturing
super
First
dinner
plus
logistical
Best
Advertising
Strength
Cup
exploratory_committee
down
thankful
Korean
President_Obama
5_days
Matches
support
sovereign
class
avail
way
call
casey's
halls
Tune
happy
remixing
Love_Always
offering
January
Novello
hear
tasmania
true
atrocities
Frankie
military_action
my_school
Pratibha_Patil
David_Jones
smashes
Odd
Jessie
proud
hungry
Get_it
i'm_the_BEST
Michael_Bruce
National_Day
check
cassie
Pat's
Begin
Francisco
tix
Description
stake
tip
Cornwall
digital
roll
brothers
Double
welcome
HOW
fell
americanidol
Peter_Pan
smelling
get_ready
world_forest_day
Savannah_GA
Madness
faster
new_song
together
time
songs
MetroBus
dance
global
focus
future
mile
ice
Charlie
layers
March_29th
St_Patrick
graph
father
countdown
sovereignty
Day
me
arms_embargo
Everytime
mourn
exact
cool
clouds
did
one_week
manufacturing_plant
Global
standards
i_like_it
guitars
team
quick
yall
dis
brave
Merger
trails
only_you
discover
sign
Glencore
htt
MARtin
God_alone
global_partners
Finmeccanica
Checking
shares
business
Explore
Gabby
free_water
Damian
Libya
Age
french
water
did_u
Mr
alone
hoops
earthquake
wait
box
boy
Deal
healthy
MO
trial
suggestion
Maine
homecoming
Record_Deal
love
humour
extra
DOE
1st
Isaac
KENDRA
everybody
World_Cup
Dies
angry
northwoods
visit
by
live
Fierce
super_cool
Cities
Scott_Stapp
today
club
on_tour
Foo_Fighters
Hayes
casey
Retail
April_4th
car
MUSEUM
SUSHI
soul
Pacific
Johann
sour
can
Wyclef
usability
crazy
awesome
fuck
heard
Tusk
Starting_today
St_Louis
Pia_Toscano
winter
Who
lounge
Prometheus
sword
nyc
dominance
economy
spox
STL
Always
4th
maritime
the_best
Alaina
Narita_airport
man
Exclusive
natural
neck
maybe
sq
LA
so
talk
exclusive
wind_farm
years
brain
Cut
White
still
Sheen
RT
group
thank
Verizon
My_thoughts
Dallas
Rain
policy
World
msnbc
P_M
Her_Majesty_Queen_Elizabeth_II
finance
views
a_man
sooner
nation
Sheikh
answer
Retailers
not
now
killed
name
beach
turn_it_up
7_Ways
STOLE
fires
kim_kardashian
Split
ft
Suzuki
ice_cream
Carolina
album
100k
Elizabeth
3rd
my_friend
Michigan
Welcome
Toscano
looking
you're_welcome
Commerce
hibernate
Theater
theory
the_sign
cars
million
Record
North_Atlantic_Council
Stand
around_the_clock
grab
advance
added_value
App
Betty_Blue_Eyes
Amphitheater
turn
routes
charleston
think
iPad
Website_usability
wholesalers
one
Black
vote
message
Flickr
tomorrow
old-growth_forest
little
sheet
Monday
SEX
anyone
Levi
2
SEO
Post
sheen
Flickr.com
that
Patrick
school_accreditation
proving
Beverly
Tuchman
than
here's
population
cracks
Love
14
16
was
Frankie_Beverly
Sensation
Sears
digital_agency
Johnny_Mercer
cards
and
topics
Rockies
say
breakfast
saw
emer
Do
exploratory
aside
singled_out
take
performance
concern
20M
benefit_show
begin
sure
Getting
track
price
visitors
pair
pages
CITY
Trust
closet
later
sale
senior
my_music
Web
shot
show
Barry
Political
WH
moi
Smile
Jean
pedophiles
We
nice
love_of_my_life
outside
only
going
info
stay
get
Louis
Schmitt
economy_class
Yo_Gabba_Gabba
5_minutes
Au
celebrate
prime
Right
Angel
morning
Champa
be_real
Twitter
5_years
concert
Apps
college
us
HELL
Daybreak_USA
wonder
That
federal
New_post
3
UCONN
Talya
at_all_costs
fight
jt
Christina_Aguilera
love_you
hurts
Directory
article
dates
libya
region
job
Wholesalers
tour
wheelbarrel
last_night
can't
Pictures
mandate
period
pop
I_am
narcissistic
turkey
Buy
nightcaps
toothpaste
filmmakers
vacation
El_Cajon
borders
on_this_day
shopping
Web_marketing
for_you
Sucks
photos
wake
minister
thing
careful
squirrels
sound
myself
Wiig
Spidey
these
will.i.am
cast
you_are
situation
Mercer
get_off_this
International_Women's_Day
Oak
Band_of_Horses
someone
DIY
stop_violence
ironic
POTUS
Pres
top_5
missiles
verified
rooting
media
trip
food
Meta
followers
shit
Pop-Up
I_heard
events
workplace
week
I
assist
IT
II
April_3rd
driven
LAUREN
passing
Cajon
Gadhafi
It
costs
launched
bottle
In
sq_ft
Id
If
White_House
summer
United
fave
Ways
rest
BOH
liz_phair
handed
aspect
jetlag
speed
Christ
clueless
snowboarder
Cee_Lo
Missile
blog
4
Crane
real
Dammit
around
read
Verizon_Wireless
outsource
dispatch
mom
world
sensational
Producer
Pia
I_Love_U
tsunami
London
nose
UN_resolution
inter
Before
Ponzi_scheme
Marc
West
Arms
Unlucky
Amazing
images
New
Mary
on_the_way
memories
recorded
legal
Chilean
Council
power
Rock
on
Scott_West
tease
island
violence
I_love_the
my_world
I_55
wolf
stand
act
luck
or
ladies
Ads
No
coupon
image
blessed
SEO_expert
Patrick_Demarchelier
Doodles
Meeting
your
Store
area
Take_30
NC
lol
start
Birthday
lot
NP
slopes
back_up
Obama
Remember
We_are
Taking_over
Walker
trying
with
cheated
earnings_tax
speed_up
House
bucket
sadness
On_my_way
site
engine
ad
USA
am
imagination
Stapp
at
walks
moves
defund
cream
again
Atlantic
besos
get_involved
you
japanese_people
Dare
shelter
gifts
Arab_countries
coverage
CNN
Omg
Dragon
pool
building
assets
calls
Executive
websites
Street
u
Inbox
directory
Davies
deluxe
resolution
Bohemian_Rhapsody
Canada
all
liar
consider
Stretch
month
Take
follow
hmmm
strangers
jesus_christ
NCAA
to
fried_rice
dressing
get_it_right
song
2_s
I'd
worst
fall
awful
I'm
evaluation
list
Juice
sand
Majesty
old_growth
NPR
ass
neighborhood
Denver
past
Dilly
design
dressing_up
what
Latin
accreditation
sun
version
Fellini
public
SocialVibe
Arena
Dad
full
this_week
NFL
hours
Charlie_Sheen
palin
beautiful_morning
strong
search
special_appearance
zone
Bonds
experience
pics
January_15th
airport
pick
action
formation
Border
Devil
vid
Scorpio
Top
EU
cloud_club
Europe
love_all
texting
6
Wyclef_Jean
We_are_ready
more
rest_in_peace
Limits
bed_peace
Philippines
article_i
St
Bless
Nominated
landed
En
So
Atlanta
Final_Four
Kemba
UAE
dev
Google_Analytics
vs
Mideast
learn
SC
beautiful
Funny
share
accept
states
CAN
ukelele
sense
lucky_strike
Benghazi
huge
housemates
control_room
earnings
Stack
see_you
stay_positive
plant
Don
tried
reflect
plane
coming
authentic
Sophia
short
Sweet
on_friendship
shade
NSA
background_check
What
r_b
help
heartfelt
Le_Kid
paper
we_are_both
committee
Texas
style
March
pray
AOL
AOH
late
Nations
sovereign_right
peanuts
Get_You
CHECK
sarah_palin
good
return
ya
Michael
ninja
Sipalay
reminder
desperately
Savannah
always
how_to
March_1st
Silver
Mashable
Isaac_Hayes
Thanks
Rap
found
Sounds
Poll
friendship
Hmmm
everyone
Corporate_finance
generation
Rose
energy
hard
idea
Waiting
expect
blues
beyond
event
More
leave
funding
alcohol
Tigers
acting
Stay_tuned
health
7
Savannah_Music_Festival
Ukraine
bistro
reporting
calzone
Will.i.am
pub
Watch_this
members
put
ET
El
Fantastic
search_engine_results_page
tsunamis
14_songs
People
terrible
american
expecting
w
snowboarding
wish_I
feel
St_Pat's
Zayed
fancy
feet
forest_day
miss
5_girls
passes
story
Fuck
Slump
litany
Patil
station
statement
scheme
storm
relationship
trapped
park
consult
stairs
Haiti
financing
b
condolences
Detroit_Tigers
get_it_together
spirited
New_Orleans
Mary_Plain
tune_in
Defence
out_the_box
God
Peace
Father
Keep_it_going
Julia
Gov
Checkout
Port_Au_Prince
BarackObama
sell
nights
u_go
would_you
Club
Arab
Waking_up
liz
relief
play
JB_HiFi
quote
measures
M
Bohemian
Rose_Garden
nothing
Fresh
The
achievement
stands
Google
clear
humanitarian
God_The_father
Port
Bruce
clean
Kyodo_news_agency
San_Diego
Video_blog
Patent
Ministers
iTunes
booze
Questions
businesses
expressed
fine
JB
giant
get_up
Something
Freestyle
Sweet_16
on_repeat
Jr
t_minus
pretty
Celebrate
hip
his
hit
Favorite
Aguilera
feels
longest
reply
banner
him
Help
THIS
cry
cartoon
common
Apologies
snowstorm
Single
bars
set
Wither
Greg_Giraldo
see
dumb
are
March_Madness
close
Foo
I_know
2.5
project
pool_report
expert
mine
pictures
wow
nutella
Wash_U
this_morning
Behind_The_Scenes
fans
VIDEO
pi_day
donate
15th
subnational
Upload
fgs
Alan_Bennett
invisible
both
10th
folding
Hari
restaurant
Sophia_Fresh
Happy_Birthday
Prometheus_Bound
PURPOSE
forgotten
General_Atlantic
Home_sweet_home
simple
sweet
loan
community
Double_Dare
HiFi
simply
likes
Way
Online
fener
Disney
I'll_be
Cary
old-growth
My
Movie
THE_CITY
pi
meeting
pm
Allies
handoff
else
Gators
December_10th
Whistler
Starting
Rhapsody
Software
presser
look
bill
budget
One_Man
Fighters
fun
Market
City
Qatar
Italy
violently
nothing_has_changed
owen
hoax
Tim
itself
ready
good_feeling
Cee_Lo_Green
klansmen
Eyes
Dozens
little_more
MT
madly
ROCK
Made_in_China
bear_in_mind
wrong_way
SPOT
yesterday
Hope
holidays
moment
levels
user
kno
Sol
person
edge
organization
Girl
Living
Keep_fighting
Fans
questions
Carondelet
my_doorbell
cut
your_life
PIA
cuz
source
Brands
excited
bin
...
My_sister
They
emergency
Oh
big
doorbell
game
Betty
Buzz
Div
Pawlenty
Latin_America
ON
on_a_Friday
Kid
Editorial_cartoon
Little
parade
absolutely
back
supermoon
economic
Andy
Wembley
5
Email
Friend
Firm
Keynote
pros
benefit
you_guys
pen
World_Forest_Day
laughing
be
SXSW
run
reach
Bill
agreement
David
HERO
Xmas
anything
shins
positive
block
seeing
pen_is_mightier_than_the_sword
Bears
aliens
my_favorite
climate_week
good_luck
Griffith_Observatory
Rehearsing
Kisses
That_Girl
They_say
KAREN
worshipped
forward
translate
Come
Section
crab
slump
Brighten
boys
link
stand_up
episode
Austin
Tourney
I'll
Irish
travelling
Jeff
Awesome
Bennett
up
Leon
ur
irish_immigrants
uk
his_mistakes
fried
God_Bless_America
Comic_Relief
eternal_God
REPORT
International
Sierra
Kyodo
cafe
TX
TV
peace
backs
TO
Hangman
Plain
THIS_LIFE
Man
Rebecca_Black
favourite
AH
AM
Sweet_N_sour
Help_me
Wednesday
Shower
Cast
Cindy
sides
structure
land
Ad
youtube
gr8
Chinese_food
Scott
walker
fresh
Oakland
results
produce
gd
go
Corporate
Top_Five
graves
MONA
college_hoops
send
Eminem
languages
Tim_Pawlenty
Now
lauren_Alaina
resources
family
So_excited
Rhodes
P
facebook
Accra
Giraldo
drinking
Charlotte
love_someone
race
hit_me
Texas_Ranger
charlie_sheen
ceasefire
Griffith
St_Patrick's_Day
State
video
download
pajamas
click
scientific
Jessica
Narita
Alan
follow_on
Boys
slideshows
Adrienne_Bailon
America
nazis
my_life
raccoons
Green
others
What_you_need
ukraine
Chinese
involved
30
Back
survey
Motor
residents
Out
honor
apple
win
together_now
Nick
wit
festivals
POLL
singing
cloud
Nice
confidence
next
INFOGRAPHIC
NATO
sxsw
Loreen
pushback
Bill_Clinton
Denmark
sister
Pyro
train
Relief
Editorial
ok
national_borders
charity
consider_this
Dogtown
this
Barry_Bonds
unreal
Video
of
Vote
control
KSWD
favorite
Dutch
tax
Almighty
Cats
Details
wonderful
Christmas
sis
HUGE
NORTHUG
Deeper
HIV
handover
poetry
need
Missile_Defence
forest
Komorowski
Friends
Mohammad
brothers_and_sisters
farm
Dublin
British
crab_rangoon
trees
no_country
spelling
LAST_nite
Apple
light
doing_his_best
Sammy_Hagar
Carrot
healthcare
Kings
eternal_peace
Minnesota
Wembley_Arena
quake
Final
kickoffs
phair
ll
Women's
all_of_us
Kings_Of_Leon
holiday
2011
I_will
dad
Dubai
Hawks
pure
Wholesale
Suppliers
Valentines
prime_minister
Nickelodeon
USAID
courtroom
kiss
Social
human_race
day
presidential
Grammy
Tough_loss
worlds
Daybreak
San
feast
Why
VIP
Issues
truth
Gary
Bucks
Saw
First_reserve
doing
Shlong
Next
society
changed
special
out
rez
secretly
radio_station
defend
may
China
evacuation
Baby
math
do_you
Verizon_Wireless_Amphitheater
UPDATE
Log_in
ask
Jesus
birthday
Comic
there
Amazon_MP3
jesus
bitch
check_it_out
ice-cream
Exercise
you're
North
guys
Yanukovych
cats
decorations
Meta_tag
Pelosi
enforcement
delays
full_speed
Listening
nobody
Infinite
your_imagination
branches
remember
loved
shampoo
bed
Connect
briefing
Peter
Diego
Pat
partnership
tonight
mogul
have
host
One
Pan
Oil
soak
agency
bagel
Feminine
Santa
Radio
divert
who
iPhone
harmful
Detroit
Enter
in_my_life
why
Checking_in
Method_acting
Jesus_Christ
face
absurd
Walk_on_by
Saturday
impression
Park
about_that
planning
chicken
BEST
partners
presidential_exploratory_committee
Update
satan
scorpios
tune
riding
local
hope
exchanged
watching
matt_silverman
familiar
public_health
If_I_was
lucky
bear
Keep
ones
THE
smash
Shazam
Carrot_Juice
rangoon
stuff
she
wholesale
Here_we_go
Before_I_let_go
prayers
Aren
national
officials
Central
Gary_Tuchman
cold
I_tried
Good
luv
Pop-Up_Store
State_Senate
genius
Nag_Champa
take_that
email
perfect
Forum
longest_day
deliver
agencies
these_kids
S
key
Irish_bar
Prepping
Valentines_day
hits
Firefox
joke
Christmas_feast
Circus
equal
RND
take_everything
member_states
Shines
comment
relevant
cn
Her
Hey
Lol
walk
Music
away
respect
nomination
gona
Get
I_wish
it's
quiz
Kyodo_news
upbeat
waste
Chatter
Of
league
FREE
crappy
tweets
last
Heading
And
last_nite
abandoned
How
appearance
value
General
will
stunning
hahaha
cvg
ve
Engagement
Wildlife
arrangements
You
Sceptics
let
Garden
Jalen
juan
civilian
radiation
member
Interview
speaker
United_Nations
ball
no-fly_zone
solipsistic
premiere
How_to
Greg
student
Yep
sisters
page_hits
keep
Houston
off
center
lunch
Senate
Spring
well
fighting
command
sets
fuck_it
drawing
Can
Michigan_State
top_Street
legendary
moments
Deliver
BO
detail
front
mistakes
7th_Heaven
Tool
San_Francisco
lauren
Pinkberry
web
Post-Dispatch
Friday
YouTube
Freestyle_Rap
nato
Fam
We_went
footballer
came_out
know
desk
press
go_to_sleep
Charlie_Davies
loss
Priddy
England
like
lost
ring
my_Favorite
Lasers
leaves
Feat
page
T-minus
twitter
alive
hair
growth
recommendation
Tweets
home
stuffy
trust
operation
lean
to_see_you
natural_world
not_forgotten
Heaven
Check_it_out
singin
pop_up
7th
r
Huffington
about
rare
Johnny
getting
December
US
UN
Americans
UK
federal_funding
Japan
documentary
owe
Phoenix_airport
tag
socks
tackle
weather
roads
brownies
my_Christmas
EU_budget
Chile
buy
bus
Well
ht
goals
Little_Dragon
found_alive
embargo
2gether
Jenny
all_that
wish
official
Philanthropy
Walk
record
Britain
catching
stories
I_hope
minutes
CIC
irish
int
recognize
pic
rubble
feels_like
pig
Vancouver
a_team
commentators
education
mutual
attacked
Street_Art
forests
lately
Wireless
Five
details
good_fight
repeat
4Q
April
chance
U
Karin
with_you
N
friends
Page
South
local_time
kardashian
you_all
South_Korean
Shooting
