Start: life
life
Done!
Start: andreas
andreas
Done!
Start: big_apple
big_apple
Done!
Start: sleep
sleep
Done!
Start: hate
hate
Done!
Start: b2b
b2b
Done!
Start: relationships
relationships
Done!
Start: on_air
on_air
Done!
Start: last
last
Done!
Start: new_way
new_way
Done!
Start: tweet
tweet
Done!
Start: watch
watch
Done!
Start: mediterranean
mediterranean
Done!
Start: ranger
ranger
Done!
Start: wake_up
wake_up
Done!
Start: rescue
rescue
Done!
Start: ga
ga
Done!
Start: school
school
Done!
Start: attic
attic
Done!
Start: bacon
bacon
Done!
Start: go
go
Done!
Start: heading
heading
Done!
Start: enjoy
enjoy
Done!
Start: taps
taps
Done!
Start: not_alone
not_alone
Done!
Start: festival
festival
Done!
Start: japanese
japanese
Done!
Start: street
street
Done!
Start: gideon
gideon
Done!
Start: maze
maze
Done!
Start: christ
christ
Done!
Start: amazon
amazon
Done!
Start: above
above
Done!
Start: new
new
Done!
Start: ever
ever
Done!
Start: made
made
Done!
Start: here
here
Done!
Start: studio
studio
Done!
Start: aid
aid
Done!
Start: motivation
motivation
Done!
Start: kids
kids
Done!
Start: good_night
good_night
Done!
Start: tuesday
tuesday
Done!
Start: queen
queen
Done!
Start: credit
credit
Done!
Start: military
military
Done!
Start: changes
changes
Done!
Start: missing
missing
Done!
Start: orleans
orleans
Done!
Start: campaign
campaign
Done!
Start: support
support
Done!
Start: bro
bro
Done!
Start: behind
behind
Done!
Start: pesto
pesto
Done!
Start: unit
unit
Done!
Start: sarah
sarah
Done!
Start: arms
arms
Done!
Start: stay
stay
Done!
Start: cali
cali
Done!
Start: music
music
Done!
Start: typo
typo
Done!
Start: strike
strike
Done!
Start: tell
tell
Done!
Start: christina
christina
Done!
Start: hurt
hurt
Done!
Start: phone
phone
Done!
Start: warm
warm
Done!
Start: hold
hold
Done!
Start: must
must
Done!
Start: shoot
shoot
Done!
Start: inning
inning
Done!
Start: crazy
crazy
Done!
Start: word
word
Done!
Start: room
room
Done!
Start: work
work
Done!
Start: gabba
gabba
Done!
Start: thank_you
thank_you
Done!
Start: daft
daft
Done!
Start: hagar
hagar
Done!
Start: tomahawk
tomahawk
Done!
Start: vodka
vodka
Done!
Start: le
le
Done!
Start: lo
lo
Done!
Start: cong
cong
Done!
Start: want
want
Done!
Start: times
times
Done!
Start: dempsey
dempsey
Done!
Start: end
end
Done!
Start: phoenix
phoenix
Done!
Start: how
how
Done!
Start: amazing
amazing
Done!
Start: hop
hop
Done!
Start: interview
interview
Done!
Start: beauty
beauty
Done!
Start: my_way
my_way
Done!
Start: bday
bday
Done!
Start: my_home
my_home
Done!
Start: will
will
Done!
Start: wrong
wrong
Done!
Start: president
president
Done!
Start: sammy
sammy
Done!
Start: purchase
purchase
Done!
Start: tough
tough
Done!
Start: childhood
childhood
Done!
Start: fabulous
fabulous
Done!
Start: green
green
Done!
Start: enter
enter
Done!
Start: fan
fan
Done!
Start: wind
wind
Done!
Start: blue
blue
Done!
Start: manchester
manchester
Done!
Start: deck
deck
Done!
Start: over
over
Done!
Start: presence
presence
Done!
Start: london
london
Done!
Start: tips
tips
Done!
Start: true
true
Done!
Start: ticket
ticket
Done!
Start: digest
digest
Done!
Start: his
his
Done!
Start: haley
haley
Done!
Start: here
here
Done!
Start: game_on
game_on
Done!
Start: weeks
weeks
Done!
Start: norway
norway
Done!
Start: then
then
Done!
Start: observatory
observatory
Done!
Start: band
band
Done!
Start: prop
prop
Done!
Start: grammar
grammar
Done!
Start: indie
indie
Done!
Start: india
india
Done!
Start: four
four
Done!
Start: victory
victory
Done!
Start: check
check
Done!
Start: shakira
shakira
Done!
Start: mean
mean
Done!
Start: wow
wow
Done!
Start: discovery
discovery
Done!
Start: network
network
Done!
Start: content
content
Done!
Start: re
re
Done!
Start: super
super
Done!
Start: must
must
Done!
Start: eternal
eternal
Done!
Start: free
free
Done!
Start: roth
roth
Done!
Start: no_more
no_more
Done!
Start: ugh
ugh
Done!
Start: clinton
clinton
Done!
Start: parade
parade
Done!
Start: national
national
Done!
Start: days
days
Done!
Start: american
american
Done!
Start: loud
loud
Done!
Start: please
please
Done!
Start: kyiv
kyiv
Done!
Start: cee
cee
Done!
Start: congress
congress
Done!
Start: top
top
Done!
Start: girls
girls
Done!
Start: elevator
elevator
Done!
Start: rebecca
rebecca
Done!
Start: dogs
dogs
Done!
Start: listen
listen
Done!
Start: tool
tool
Done!
Start: wasted
wasted
Done!
Start: charleston
charleston
Done!
Start: white
white
Done!
Start: hawk
hawk
Done!
Start: coward
coward
Done!
Start: immigrants
immigrants
Done!
Start: shower
shower
Done!
Start: absence
absence
Done!
Start: friend
friend
Done!
Start: sen
sen
Done!
Start: minus
minus
Done!
Start: mini
mini
Done!
Start: rad
rad
Done!
Start: mind
mind
Done!
Start: eyes
eyes
Done!
Start: rap
rap
Done!
Start: stomach
stomach
Done!
Start: seminar
seminar
Done!
Start: my_friend
my_friend
Done!
Start: snow
snow
Done!
Start: band
band
Done!
Start: season
season
Done!
Start: jones
jones
Done!
Start: wells
wells
Done!
Start: hide
hide
Done!
Start: mean
mean
Done!
Start: don
don
Done!
Start: clock
clock
Done!
Start: m
m
Done!
Start: bound
bound
Done!
Start: democrat
democrat
Done!
Start: reputation
reputation
Done!
Start: want
want
Done!
Start: qi
qi
Done!
Start: reserve
reserve
Done!
Start: kiev
kiev
Done!
Start: agency
agency
Done!
Start: radio
radio
Done!
Start: timetable
timetable
Done!
Start: european
european
Done!
Start: santiago
santiago
Done!
Start: big
big
Done!
Start: bit
bit
Done!
Start: rice
rice
Done!
Start: do
do
Done!
Start: yo
yo
Done!
Start: stop
stop
Done!
Start: report
report
Done!
Start: yell
yell
Done!
Start: bar
bar
Done!
Start: countries
countries
Done!
Start: hip_hop
hip_hop
Done!
Start: news
news
Done!
Start: best
best
Done!
Start: run
run
Done!
Start: cooperation
cooperation
Done!
Start: baby_shower
baby_shower
Done!
Start: pirate
pirate
Done!
Start: side
side
Done!
Start: we
we
Done!
Start: love
love
Done!
Start: confusion
confusion
Done!
Start: cousin
cousin
Done!
Start: good_job
good_job
Done!
Start: log
log
Done!
Start: met
met
Done!
Start: country
country
Done!
Start: waking
waking
Done!
Start: games
games
Done!
Start: com
com
Done!
Start: pre
pre
Done!
Start: forest
forest
Done!
Start: closed
closed
Done!
Start: method
method
Done!
Start: targeting
targeting
Done!
Start: basis
basis
Done!
Start: stadium
stadium
Done!
Start: life
life
Done!
Start: tokyo
tokyo
Done!
Start: poland
poland
Done!
Start: child
child
Done!
Start: tradition
tradition
Done!
Start: spin
spin
Done!
Start: crossed
crossed
Done!
Start: air
air
Done!
Start: wash
wash
Done!
Start: evening
evening
Done!
Start: ain
ain
Done!
Start: teachers
teachers
Done!
Start: follow
follow
Done!
Start: balance
balance
Done!
Start: study
study
Done!
Start: cons
cons
Done!
Start: nag
nag
Done!
Start: on
on
Done!
Start: right_now
right_now
Done!
Start: it
it
Done!
Start: lol
lol
Done!
Start: write
write
Done!
Start: player
player
Done!
Start: in
in
Done!
Start: coming_out
coming_out
Done!
Start: trade
trade
Done!
Start: if
if
Done!
Start: horses
horses
Done!
Start: make
make
Done!
Start: cant
cant
Done!
Start: die
die
Done!
Start: vegetable
vegetable
Done!
Start: president
president
Done!
Start: maybe
maybe
Done!
Start: hand
hand
Done!
Start: runoff
runoff
Done!
Start: kim
kim
Done!
Start: home
home
Done!
Start: kid
kid
Done!
Start: stay_together
stay_together
Done!
Start: charlie
charlie
Done!
Start: the
the
Done!
Start: yours
yours
Done!
Start: left
left
Done!
Start: background
background
Done!
Start: yea
yea
Done!
Start: ideas
ideas
Done!
Start: thanks
thanks
Done!
Start: human
human
Done!
Start: yes
yes
Done!
Start: bit
bit
Done!
Start: happy
happy
Done!
Start: day_one
day_one
Done!
Start: beloved
beloved
Done!
Start: has
has
Done!
Start: knock
knock
Done!
Start: james
james
Done!
Start: try
try
Done!
Start: chrysler
chrysler
Done!
Start: art
art
Done!
Start: gift
gift
Done!
Start: 55
55
Done!
Start: all_day
all_day
Done!
Start: are
are
Done!
Start: security
security
Done!
Start: prince
prince
Done!
Start: right
right
Done!
Start: old
old
Done!
Start: people
people
Done!
Start: lee
lee
Done!
Start: for
for
Done!
Start: everything
everything
Done!
Start: hi
hi
Done!
Start: shakespeare
shakespeare
Done!
Start: ha
ha
Done!
Start: night
night
Done!
Start: post
post
Done!
Start: super
super
Done!
Start: first
first
Done!
Start: dinner
dinner
Done!
Start: plus
plus
Done!
Start: best
best
Done!
Start: strength
strength
Done!
Start: cup
cup
Done!
Start: down
down
Done!
Start: thankful
thankful
Done!
Start: korean
korean
Done!
Start: support
support
Done!
Start: sovereign
sovereign
Done!
Start: class
class
Done!
Start: way
way
Done!
Start: call
call
Done!
Start: halls
halls
Done!
Start: tune
tune
Done!
Start: happy
happy
Done!
Start: offering
offering
Done!
Start: january
january
Done!
Start: novello
novello
Done!
Start: hear
hear
Done!
Start: tasmania
tasmania
Done!
Start: true
true
Done!
Start: frankie
frankie
Done!
Start: david_jones
david_jones
Done!
Start: odd
odd
Done!
Start: jessie
jessie
Done!
Start: proud
proud
Done!
Start: hungry
hungry
Done!
Start: get_it
get_it
Done!
Start: michael_bruce
michael_bruce
Done!
Start: check
check
Done!
Start: cassie
cassie
Done!
Start: begin
begin
Done!
Start: francisco
francisco
Done!
Start: description
description
Done!
Start: stake
stake
Done!
Start: tip
tip
Done!
Start: cornwall
cornwall
Done!
Start: digital
digital
Done!
Start: roll
roll
Done!
Start: brothers
brothers
Done!
Start: double
double
Done!
Start: welcome
welcome
Done!
Start: how
how
Done!
Start: fell
fell
Done!
Start: peter_pan
peter_pan
Done!
Start: get_ready
get_ready
Done!
Start: madness
madness
Done!
Start: faster
faster
Done!
Start: new_song
new_song
Done!
Start: together
together
Done!
Start: time
time
Done!
Start: metrobus
metrobus
Done!
Start: dance
dance
Done!
Start: global
global
Done!
Start: focus
focus
Done!
Start: future
future
Done!
Start: mile
mile
Done!
Start: ice
ice
Done!
Start: charlie
charlie
Done!
Start: graph
graph
Done!
Start: father
father
Done!
Start: countdown
countdown
Done!
Start: day
day
Done!
Start: me
me
Done!
Start: exact
exact
Done!
Start: cool
cool
Done!
Start: clouds
clouds
Done!
Start: one_week
one_week
Done!
Start: global
global
Done!
Start: standards
standards
Done!
Start: i_like_it
i_like_it
Done!
Start: team
team
Done!
Start: quick
quick
Done!
Start: dis
dis
Done!
Start: brave
brave
Done!
Start: only_you
only_you
Done!
Start: discover
discover
Done!
Start: sign
sign
Done!
Start: martin
martin
Done!
Start: business
business
Done!
Start: gabby
gabby
Done!
Start: damian
damian
Done!
Start: libya
libya
Done!
Start: age
age
Done!
Start: french
french
Done!
Start: water
water
Done!
Start: alone
alone
Done!
Start: earthquake
earthquake
Done!
Start: wait
wait
Done!
Start: box
box
Done!
Start: boy
boy
Done!
Start: deal
deal
Done!
Start: mo
mo
Done!
Start: trial
trial
Done!
Start: maine
maine
Done!
Start: homecoming
homecoming
Done!
Start: love
love
Done!
Start: humour
humour
Done!
Start: extra
extra
Done!
Start: doe
doe
Done!
Start: isaac
isaac
Done!
Start: kendra
kendra
Done!
Start: everybody
everybody
Done!
Start: world_cup
world_cup
Done!
Start: angry
angry
Done!
Start: visit
visit
Done!
Start: by
by
Done!
Start: live
live
Done!
Start: fierce
fierce
Done!
Start: today
today
Done!
Start: club
club
Done!
Start: on_tour
on_tour
Done!
Start: hayes
hayes
Done!
Start: casey
casey
Done!
Start: car
car
Done!
Start: museum
museum
Done!
Start: sushi
sushi
Done!
Start: soul
soul
Done!
Start: pacific
pacific
Done!
Start: sour
sour
Done!
Start: can
can
Done!
Start: crazy
crazy
Done!
Start: awesome
awesome
Done!
Start: fuck
fuck
Done!
Start: heard
heard
Done!
Start: tusk
tusk
Done!
Start: winter
winter
Done!
Start: who
who
Done!
Start: lounge
lounge
Done!
Start: prometheus
prometheus
Done!
Start: sword
sword
Done!
Start: dominance
dominance
Done!
Start: economy
economy
Done!
Start: always
always
Done!
Start: 4th
4th
Done!
Start: maritime
maritime
Done!
Start: the_best
the_best
Done!
Start: man
man
Done!
Start: exclusive
exclusive
Done!
Start: natural
natural
Done!
Start: neck
neck
Done!
Start: maybe
maybe
Done!
Start: la
la
Done!
Start: talk
talk
Done!
Start: exclusive
exclusive
Done!
Start: brain
brain
Done!
Start: cut
cut
Done!
Start: white
white
Done!
Start: still
still
Done!
Start: sheen
sheen
Done!
Start: group
group
Done!
Start: dallas
dallas
Done!
Start: rain
rain
Done!
Start: policy
policy
Done!
Start: world
world
Done!
Start: sooner
sooner
Done!
Start: nation
nation
Done!
Start: sheikh
sheikh
Done!
Start: answer
answer
Done!
Start: not
not
Done!
Start: now
now
Done!
Start: name
name
Done!
Start: beach
beach
Done!
Start: turn_it_up
turn_it_up
Done!
Start: stole
stole
Done!
Start: split
split
Done!
Start: ft
ft
Done!
Start: suzuki
suzuki
Done!
Start: ice_cream
ice_cream
Done!
Start: carolina
carolina
Done!
Start: album
album
Done!
Start: elizabeth
elizabeth
Done!
Start: my_friend
my_friend
Done!
Start: michigan
michigan
Done!
Start: welcome
welcome
Done!
Start: toscano
toscano
Done!
Start: looking
looking
Done!
Start: commerce
commerce
Done!
Start: theater
theater
Done!
Start: theory
theory
Done!
Start: the_sign
the_sign
Done!
Start: cars
cars
Done!
Start: record
record
Done!
Start: stand
stand
Done!
Start: grab
grab
Done!
Start: advance
advance
Done!
Start: app
app
Done!
Start: turn
turn
Done!
Start: routes
routes
Done!
Start: charleston
charleston
Done!
Start: think
think
Done!
Start: one
one
Done!
Start: black
black
Done!
Start: vote
vote
Done!
Start: message
message
Done!
Start: tomorrow
tomorrow
Done!
Start: little
little
Done!
Start: sheet
sheet
Done!
Start: monday
monday
Done!
Start: sex
sex
Done!
Start: levi
levi
Done!
Start: 2
2
Done!
Start: seo
seo
Done!
Start: post
post
Done!
Start: sheen
sheen
Done!
Start: that
that
Done!
Start: patrick
patrick
Done!
Start: beverly
beverly
Done!
Start: than
than
Done!
Start: population
population
Done!
Start: love
love
Done!
Start: 14
14
Done!
Start: 16
16
Done!
Start: was
was
Done!
Start: sensation
sensation
Done!
Start: sears
sears
Done!
Start: and
and
Done!
Start: rockies
rockies
Done!
Start: say
say
Done!
Start: breakfast
breakfast
Done!
Start: saw
saw
Done!
Start: do
do
Done!
Start: exploratory
exploratory
Done!
Start: aside
aside
Done!
Start: singled_out
singled_out
Done!
Start: take
take
Done!
Start: performance
performance
Done!
Start: concern
concern
Done!
Start: begin
begin
Done!
Start: sure
sure
Done!
Start: track
track
Done!
Start: price
price
Done!
Start: pair
pair
Done!
Start: pages
pages
Done!
Start: city
city
Done!
Start: trust
trust
Done!
Start: closet
closet
Done!
Start: later
later
Done!
Start: sale
sale
Done!
Start: senior
senior
Done!
Start: my_music
my_music
Done!
Start: web
web
Done!
Start: shot
shot
Done!
Start: show
show
Done!
Start: barry
barry
Done!
Start: moi
moi
Done!
Start: smile
smile
Done!
Start: jean
jean
Done!
Start: we
we
Done!
Start: nice
nice
Done!
Start: love_of_my_life
love_of_my_life
Done!
Start: outside
outside
Done!
Start: only
only
Done!
Start: going
going
Done!
Start: info
info
Done!
Start: stay
stay
Done!
Start: get
get
Done!
Start: louis
louis
Done!
Start: schmitt
schmitt
Done!
Start: au
au
Done!
Start: celebrate
celebrate
Done!
Start: prime
prime
Done!
Start: right
right
Done!
Start: angel
angel
Done!
Start: morning
morning
Done!
Start: champa
champa
Done!
Start: be_real
be_real
Done!
Start: twitter
twitter
Done!
Start: 5_years
5_years
Done!
Start: concert
concert
Done!
Start: apps
apps
Done!
Start: college
college
Done!
Start: hell
hell
Done!
Start: wonder
wonder
Done!
Start: that
that
Done!
Start: federal
federal
Done!
Start: 3
3
Done!
Start: fight
fight
Done!
Start: love_you
love_you
Done!
Start: directory
directory
Done!
Start: article
article
Done!
Start: libya
libya
Done!
Start: region
region
Done!
Start: job
job
Done!
Start: tour
tour
Done!
Start: last_night
last_night
Done!
Start: mandate
mandate
Done!
Start: period
period
Done!
Start: pop
pop
Done!
Start: i_am
i_am
Done!
Start: turkey
turkey
Done!
Start: buy
buy
Done!
Start: vacation
vacation
Done!
Start: borders
borders
Done!
Start: shopping
shopping
Done!
Start: for_you
for_you
Done!
Start: wake
wake
Done!
Start: minister
minister
Done!
Start: thing
thing
Done!
Start: careful
careful
Done!
Start: sound
sound
Done!
Start: myself
myself
Done!
Start: cast
cast
Done!
Start: you_are
you_are
Done!
Start: situation
situation
Done!
Start: mercer
mercer
Done!
Start: oak
oak
Done!
Start: someone
someone
Done!
Start: pres
pres
Done!
Start: rooting
rooting
Done!
Start: media
media
Done!
Start: trip
trip
Done!
Start: food
food
Done!
Start: meta
meta
Done!
Start: shit
shit
Done!
Start: i_heard
i_heard
Done!
Start: week
week
Done!
Start: i
i
Done!
Start: assist
assist
Done!
Start: it
it
Done!
Start: ii
ii
Done!
Start: driven
driven
Done!
Start: lauren
lauren
Done!
Start: passing
passing
Done!
Start: it
it
Done!
Start: costs
costs
Done!
Start: in
in
Done!
Start: id
id
Done!
Start: if
if
Done!
Start: white_house
white_house
Done!
Start: summer
summer
Done!
Start: united
united
Done!
Start: rest
rest
Done!
Start: aspect
aspect
Done!
Start: speed
speed
Done!
Start: christ
christ
Done!
Start: clueless
clueless
Done!
Start: missile
missile
Done!
Start: blog
blog
Done!
Start: 4
4
Done!
Start: crane
crane
Done!
Start: real
real
Done!
Start: dammit
dammit
Done!
Start: around
around
Done!
Start: read
read
Done!
Start: dispatch
dispatch
Done!
Start: mom
mom
Done!
Start: world
world
Done!
Start: sensational
sensational
Done!
Start: producer
producer
Done!
Start: pia
pia
Done!
Start: tsunami
tsunami
Done!
Start: london
london
Done!
Start: nose
nose
Done!
Start: inter
inter
Done!
Start: before
before
Done!
Start: marc
marc
Done!
Start: west
west
Done!
Start: arms
arms
Done!
Start: amazing
amazing
Done!
Start: images
images
Done!
Start: new
new
Done!
Start: mary
mary
Done!
Start: legal
legal
Done!
Start: chilean
chilean
Done!
Start: council
council
Done!
Start: power
power
Done!
Start: rock
rock
Done!
Start: on
on
Done!
Start: tease
tease
Done!
Start: island
island
Done!
Start: violence
violence
Done!
Start: my_world
my_world
Done!
Start: wolf
wolf
Done!
Start: stand
stand
Done!
Start: act
act
Done!
Start: luck
luck
Done!
Start: or
or
Done!
Start: no
no
Done!
Start: coupon
coupon
Done!
Start: image
image
Done!
Start: blessed
blessed
Done!
Start: doodles
doodles
Done!
Start: store
store
Done!
Start: area
area
Done!
Start: lol
lol
Done!
Start: start
start
Done!
Start: birthday
birthday
Done!
Start: lot
lot
Done!
Start: obama
obama
Done!
Start: remember
remember
Done!
Start: we_are
we_are
Done!
Start: taking_over
taking_over
Done!
Start: walker
walker
Done!
Start: with
with
Done!
Start: cheated
cheated
Done!
Start: speed_up
speed_up
Done!
Start: house
house
Done!
Start: bucket
bucket
Done!
Start: on_my_way
on_my_way
Done!
Start: site
site
Done!
Start: engine
engine
Done!
Start: ad
ad
Done!
Start: usa
usa
Done!
Start: imagination
imagination
Done!
Start: stapp
stapp
Done!
Start: moves
moves
Done!
Start: cream
cream
Done!
Start: again
again
Done!
Start: atlantic
atlantic
Done!
Start: you
you
Done!
Start: dare
dare
Done!
Start: shelter
shelter
Done!
Start: coverage
coverage
Done!
Start: dragon
dragon
Done!
Start: pool
pool
Done!
Start: building
building
Done!
Start: executive
executive
Done!
Start: street
street
Done!
Start: u
u
Done!
Start: directory
directory
Done!
Start: deluxe
deluxe
Done!
Start: resolution
resolution
Done!
Start: canada
canada
Done!
Start: all
all
Done!
Start: liar
liar
Done!
Start: consider
consider
Done!
Start: stretch
stretch
Done!
Start: take
take
Done!
Start: follow
follow
Done!
Start: strangers
strangers
Done!
Start: jesus_christ
jesus_christ
Done!
Start: to
to
Done!
Start: dressing
dressing
Done!
Start: get_it_right
get_it_right
Done!
Start: song
song
Done!
Start: fall
fall
Done!
Start: awful
awful
Done!
Start: evaluation
evaluation
Done!
Start: list
list
Done!
Start: juice
juice
Done!
Start: sand
sand
Done!
Start: majesty
majesty
Done!
Start: ass
ass
Done!
Start: neighborhood
neighborhood
Done!
Start: denver
denver
Done!
Start: dilly
dilly
Done!
Start: design
design
Done!
Start: dressing_up
dressing_up
Done!
Start: what
what
Done!
Start: latin
latin
Done!
Start: sun
sun
Done!
Start: version
version
Done!
Start: arena
arena
Done!
Start: dad
dad
Done!
Start: full
full
Done!
Start: this_week
this_week
Done!
Start: hours
hours
Done!
Start: palin
palin
Done!
Start: strong
strong
Done!
Start: search
search
Done!
Start: zone
zone
Done!
Start: bonds
bonds
Done!
Start: experience
experience
Done!
Start: airport
airport
Done!
Start: pick
pick
Done!
Start: action
action
Done!
Start: formation
formation
Done!
Start: border
border
Done!
Start: devil
devil
Done!
Start: vid
vid
Done!
Start: scorpio
scorpio
Done!
Start: top
top
Done!
Start: eu
eu
Done!
Start: europe
europe
Done!
Start: 6
6
Done!
Start: more
more
Done!
Start: bless
bless
Done!
Start: landed
landed
Done!
Start: atlanta
atlanta
Done!
Start: final_four
final_four
Done!
Start: dev
dev
Done!
Start: vs
vs
Done!
Start: mideast
mideast
Done!
Start: learn
learn
Done!
Start: beautiful
beautiful
Done!
Start: share
share
Done!
Start: accept
accept
Done!
Start: can
can
Done!
Start: sense
sense
Done!
Start: lucky_strike
lucky_strike
Done!
Start: huge
huge
Done!
Start: stack
stack
Done!
Start: see_you
see_you
Done!
Start: stay_positive
stay_positive
Done!
Start: plant
plant
Done!
Start: don
don
Done!
Start: plane
plane
Done!
Start: authentic
authentic
Done!
Start: sophia
sophia
Done!
Start: short
short
Done!
Start: sweet
sweet
Done!
Start: shade
shade
Done!
Start: what
what
Done!
Start: help
help
Done!
Start: heartfelt
heartfelt
Done!
Start: paper
paper
Done!
Start: committee
committee
Done!
Start: texas
texas
Done!
Start: style
style
Done!
Start: march
march
Done!
Start: pray
pray
Done!
Start: late
late
Done!
Start: peanuts
peanuts
Done!
Start: check
check
Done!
Start: good
good
Done!
Start: return
return
Done!
Start: ya
ya
Done!
Start: michael
michael
Done!
Start: ninja
ninja
Done!
Start: reminder
reminder
Done!
Start: desperately
desperately
Done!
Start: savannah
savannah
Done!
Start: always
always
Done!
Start: silver
silver
Done!
Start: isaac_hayes
isaac_hayes
Done!
Start: thanks
thanks
Done!
Start: rap
rap
Done!
Start: found
found
Done!
Start: poll
poll
Done!
Start: friendship
friendship
Done!
Start: everyone
everyone
Done!
Start: generation
generation
Done!
Start: rose
rose
Done!
Start: energy
energy
Done!
Start: hard
hard
Done!
Start: idea
idea
Done!
Start: waiting
waiting
Done!
Start: blues
blues
Done!
Start: beyond
beyond
Done!
Start: event
event
Done!
Start: more
more
Done!
Start: leave
leave
Done!
Start: alcohol
alcohol
Done!
Start: stay_tuned
stay_tuned
Done!
Start: health
health
Done!
Start: 7
7
Done!
Start: ukraine
ukraine
Done!
Start: bistro
bistro
Done!
Start: reporting
reporting
Done!
Start: pub
pub
Done!
Start: put
put
Done!
Start: el
el
Done!
Start: fantastic
fantastic
Done!
Start: people
people
Done!
Start: terrible
terrible
Done!
Start: american
american
Done!
Start: expecting
expecting
Done!
Start: w
w
Done!
Start: feel
feel
Done!
Start: zayed
zayed
Done!
Start: fancy
fancy
Done!
Start: feet
feet
Done!
Start: miss
miss
Done!
Start: story
story
Done!
Start: fuck
fuck
Done!
Start: slump
slump
Done!
Start: station
station
Done!
Start: statement
statement
Done!
Start: scheme
scheme
Done!
Start: storm
storm
Done!
Start: relationship
relationship
Done!
Start: trapped
trapped
Done!
Start: park
park
Done!
Start: stairs
stairs
Done!
Start: haiti
haiti
Done!
Start: b
b
Done!
Start: get_it_together
get_it_together
Done!
Start: new_orleans
new_orleans
Done!
Start: defence
defence
Done!
Start: god
god
Done!
Start: peace
peace
Done!
Start: father
father
Done!
Start: julia
julia
Done!
Start: checkout
checkout
Done!
Start: sell
sell
Done!
Start: nights
nights
Done!
Start: club
club
Done!
Start: arab
arab
Done!
Start: waking_up
waking_up
Done!
Start: liz
liz
Done!
Start: relief
relief
Done!
Start: play
play
Done!
Start: quote
quote
Done!
Start: m
m
Done!
Start: bohemian
bohemian
Done!
Start: rose_garden
rose_garden
Done!
Start: nothing
nothing
Done!
Start: fresh
fresh
Done!
Start: the
the
Done!
Start: achievement
achievement
Done!
Start: stands
stands
Done!
Start: google
google
Done!
Start: clear
clear
Done!
Start: port
port
Done!
Start: bruce
bruce
Done!
Start: clean
clean
Done!
Start: san_diego
san_diego
Done!
Start: patent
patent
Done!
Start: booze
booze
Done!
Start: fine
fine
Done!
Start: jb
jb
Done!
Start: giant
giant
Done!
Start: get_up
get_up
Done!
Start: something
something
Done!
Start: freestyle
freestyle
Done!
Start: jr
jr
Done!
Start: pretty
pretty
Done!
Start: celebrate
celebrate
Done!
Start: hip
hip
Done!
Start: his
his
Done!
Start: hit
hit
Done!
Start: favorite
favorite
Done!
Start: aguilera
aguilera
Done!
Start: banner
banner
Done!
Start: him
him
Done!
Start: help
help
Done!
Start: this
this
Done!
Start: cry
cry
Done!
Start: cartoon
cartoon
Done!
Start: common
common
Done!
Start: snowstorm
snowstorm
Done!
Start: single
single
Done!
Start: bars
bars
Done!
Start: set
set
Done!
Start: see
see
Done!
Start: dumb
dumb
Done!
Start: are
are
Done!
Start: march_madness
march_madness
Done!
Start: close
close
Done!
Start: foo
foo
Done!
Start: i_know
i_know
Done!
Start: 2.5
2.5
Done!
Start: project
project
Done!
Start: expert
expert
Done!
Start: mine
mine
Done!
Start: wow
wow
Done!
Start: this_morning
this_morning
Done!
Start: fans
fans
Done!
Start: video
video
Done!
Start: upload
upload
Done!
Start: alan_bennett
alan_bennett
Done!
Start: invisible
invisible
Done!
Start: both
both
Done!
Start: folding
folding
Done!
Start: hari
hari
Done!
Start: restaurant
restaurant
Done!
Start: happy_birthday
happy_birthday
Done!
Start: purpose
purpose
Done!
Start: forgotten
forgotten
Done!
Start: home_sweet_home
home_sweet_home
Done!
Start: simple
simple
Done!
Start: sweet
sweet
Done!
Start: loan
loan
Done!
Start: community
community
Done!
Start: double_dare
double_dare
Done!
Start: way
way
Done!
Start: online
online
Done!
Start: disney
disney
Done!
Start: cary
cary
Done!
Start: movie
movie
Done!
Start: the_city
the_city
Done!
Start: pi
pi
Done!
Start: allies
allies
Done!
Start: handoff
handoff
Done!
Start: else
else
Done!
Start: whistler
whistler
Done!
Start: rhapsody
rhapsody
Done!
Start: software
software
Done!
Start: look
look
Done!
Start: bill
bill
Done!
Start: one_man
one_man
Done!
Start: fun
fun
Done!
Start: market
market
Done!
Start: city
city
Done!
Start: qatar
qatar
Done!
Start: italy
italy
Done!
Start: nothing_has_changed
nothing_has_changed
Done!
Start: owen
owen
Done!
Start: tim
tim
Done!
Start: ready
ready
Done!
Start: good_feeling
good_feeling
Done!
Start: eyes
eyes
Done!
Start: dozens
dozens
Done!
Start: rock
rock
Done!
Start: wrong_way
wrong_way
Done!
Start: spot
spot
Done!
Start: yesterday
yesterday
Done!
Start: hope
hope
Done!
Start: moment
moment
Done!
Start: user
user
Done!
Start: sol
sol
Done!
Start: person
person
Done!
Start: edge
edge
Done!
Start: organization
organization
Done!
Start: girl
girl
Done!
Start: living
living
Done!
Start: fans
fans
Done!
Start: carondelet
carondelet
Done!
Start: cut
cut
Done!
Start: pia
pia
Done!
Start: cuz
cuz
Done!
Start: source
source
Done!
Start: excited
excited
Done!
Start: bin
bin
Done!
Start: they
they
Done!
Start: emergency
emergency
Done!
Start: oh
oh
Done!
Start: big
big
Done!
Start: game
game
Done!
Start: betty
betty
Done!
Start: buzz
buzz
Done!
Start: div
div
Done!
Start: on
on
Done!
Start: kid
kid
Done!
Start: little
little
Done!
Start: parade
parade
Done!
Start: absolutely
absolutely
Done!
Start: back
back
Done!
Start: andy
andy
Done!
Start: wembley
wembley
Done!
Start: 5
5
Done!
Start: friend
friend
Done!
Start: firm
firm
Done!
Start: keynote
keynote
Done!
Start: benefit
benefit
Done!
Start: pen
pen
Done!
Start: laughing
laughing
Done!
Start: be
be
Done!
Start: run
run
Done!
Start: reach
reach
Done!
Start: bill
bill
Done!
Start: agreement
agreement
Done!
Start: david
david
Done!
Start: hero
hero
Done!
Start: anything
anything
Done!
Start: positive
positive
Done!
Start: block
block
Done!
Start: seeing
seeing
Done!
Start: bears
bears
Done!
Start: aliens
aliens
Done!
Start: good_luck
good_luck
Done!
Start: that_girl
that_girl
Done!
Start: karen
karen
Done!
Start: forward
forward
Done!
Start: come
come
Done!
Start: section
section
Done!
Start: crab
crab
Done!
Start: slump
slump
Done!
Start: boys
boys
Done!
Start: link
link
Done!
Start: stand_up
stand_up
Done!
Start: episode
episode
Done!
Start: austin
austin
Done!
Start: i'll
i'll
Done!
Start: irish
irish
Done!
Start: travelling
travelling
Done!
Start: jeff
jeff
Done!
Start: awesome
awesome
Done!
Start: bennett
bennett
Done!
Start: up
up
Done!
Start: leon
leon
Done!
Start: ur
ur
Done!
Start: uk
uk
Done!
Start: fried
fried
Done!
Start: god_bless_america
god_bless_america
Done!
Start: comic_relief
comic_relief
Done!
Start: report
report
Done!
Start: international
international
Done!
Start: sierra
sierra
Done!
Start: cafe
cafe
Done!
Start: peace
peace
Done!
Start: to
to
Done!
Start: hangman
hangman
Done!
Start: plain
plain
Done!
Start: this_life
this_life
Done!
Start: man
man
Done!
Start: favourite
favourite
Done!
Start: help_me
help_me
Done!
Start: wednesday
wednesday
Done!
Start: shower
shower
Done!
Start: cast
cast
Done!
Start: cindy
cindy
Done!
Start: structure
structure
Done!
Start: land
land
Done!
Start: ad
ad
Done!
Start: chinese_food
chinese_food
Done!
Start: scott
scott
Done!
Start: walker
walker
Done!
Start: fresh
fresh
Done!
Start: oakland
oakland
Done!
Start: results
results
Done!
Start: go
go
Done!
Start: corporate
corporate
Done!
Start: graves
graves
Done!
Start: mona
mona
Done!
Start: send
send
Done!
Start: now
now
Done!
Start: resources
resources
Done!
Start: family
family
Done!
Start: rhodes
rhodes
Done!
Start: p
p
Done!
Start: charlotte
charlotte
Done!
Start: race
race
Done!
Start: hit_me
hit_me
Done!
Start: ceasefire
ceasefire
Done!
Start: griffith
griffith
Done!
Start: state
state
Done!
Start: video
video
Done!
Start: download
download
Done!
Start: pajamas
pajamas
Done!
Start: click
click
Done!
Start: jessica
jessica
Done!
Start: narita
narita
Done!
Start: alan
alan
Done!
Start: boys
boys
Done!
Start: america
america
Done!
Start: my_life
my_life
Done!
Start: green
green
Done!
Start: others
others
Done!
Start: what_you_need
what_you_need
Done!
Start: ukraine
ukraine
Done!
Start: chinese
chinese
Done!
Start: 30
30
Done!
Start: back
back
Done!
Start: survey
survey
Done!
Start: motor
motor
Done!
Start: residents
residents
Done!
Start: out
out
Done!
Start: honor
honor
Done!
Start: apple
apple
Done!
Start: win
win
Done!
Start: nick
nick
Done!
Start: wit
wit
Done!
Start: poll
poll
Done!
Start: singing
singing
Done!
Start: cloud
cloud
Done!
Start: nice
nice
Done!
Start: confidence
confidence
Done!
Start: next
next
Done!
Start: nato
nato
Done!
Start: loreen
loreen
Done!
Start: denmark
denmark
Done!
Start: sister
sister
Done!
Start: pyro
pyro
Done!
Start: train
train
Done!
Start: relief
relief
Done!
Start: charity
charity
Done!
Start: consider_this
consider_this
Done!
Start: dogtown
dogtown
Done!
Start: this
this
Done!
Start: unreal
unreal
Done!
Start: video
video
Done!
Start: of
of
Done!
Start: vote
vote
Done!
Start: control
control
Done!
Start: favorite
favorite
Done!
Start: dutch
dutch
Done!
Start: almighty
almighty
Done!
Start: cats
cats
Done!
Start: wonderful
wonderful
Done!
Start: christmas
christmas
Done!
Start: sis
sis
Done!
Start: huge
huge
Done!
Start: deeper
deeper
Done!
Start: hiv
hiv
Done!
Start: handover
handover
Done!
Start: poetry
poetry
Done!
Start: need
need
Done!
Start: forest
forest
Done!
Start: friends
friends
Done!
Start: mohammad
mohammad
Done!
Start: farm
farm
Done!
Start: dublin
dublin
Done!
Start: british
british
Done!
Start: trees
trees
Done!
Start: spelling
spelling
Done!
Start: apple
apple
Done!
Start: light
light
Done!
Start: carrot
carrot
Done!
Start: kings
kings
Done!
Start: eternal_peace
eternal_peace
Done!
Start: minnesota
minnesota
Done!
Start: quake
quake
Done!
Start: final
final
Done!
Start: holiday
holiday
Done!
Start: i_will
i_will
Done!
Start: dad
dad
Done!
Start: dubai
dubai
Done!
Start: hawks
hawks
Done!
Start: pure
pure
Done!
Start: valentines
valentines
Done!
Start: prime_minister
prime_minister
Done!
Start: nickelodeon
nickelodeon
Done!
Start: kiss
kiss
Done!
Start: social
social
Done!
Start: human_race
human_race
Done!
Start: day
day
Done!
Start: daybreak
daybreak
Done!
Start: san
san
Done!
Start: feast
feast
Done!
Start: why
why
Done!
Start: truth
truth
Done!
Start: gary
gary
Done!
Start: bucks
bucks
Done!
Start: saw
saw
Done!
Start: next
next
Done!
Start: society
society
Done!
Start: special
special
Done!
Start: out
out
Done!
Start: rez
rez
Done!
Start: may
may
Done!
Start: china
china
Done!
Start: evacuation
evacuation
Done!
Start: baby
baby
Done!
Start: math
math
Done!
Start: do_you
do_you
Done!
Start: update
update
Done!
Start: ask
ask
Done!
Start: jesus
jesus
Done!
Start: birthday
birthday
Done!
Start: comic
comic
Done!
Start: there
there
Done!
Start: jesus
jesus
Done!
Start: bitch
bitch
Done!
Start: check_it_out
check_it_out
Done!
Start: exercise
exercise
Done!
Start: north
north
Done!
Start: guys
guys
Done!
Start: cats
cats
Done!
Start: pelosi
pelosi
Done!
Start: enforcement
enforcement
Done!
Start: listening
listening
Done!
Start: nobody
nobody
Done!
Start: infinite
infinite
Done!
Start: branches
branches
Done!
Start: remember
remember
Done!
Start: loved
loved
Done!
Start: shampoo
shampoo
Done!
Start: bed
bed
Done!
Start: connect
connect
Done!
Start: peter
peter
Done!
Start: diego
diego
Done!
Start: pat
pat
Done!
Start: tonight
tonight
Done!
Start: mogul
mogul
Done!
Start: have
have
Done!
Start: host
host
Done!
Start: one
one
Done!
Start: pan
pan
Done!
Start: oil
oil
Done!
Start: soak
soak
Done!
Start: agency
agency
Done!
Start: bagel
bagel
Done!
Start: feminine
feminine
Done!
Start: santa
santa
Done!
Start: radio
radio
Done!
Start: who
who
Done!
Start: detroit
detroit
Done!
Start: enter
enter
Done!
Start: in_my_life
in_my_life
Done!
Start: why
why
Done!
Start: jesus_christ
jesus_christ
Done!
Start: face
face
Done!
Start: absurd
absurd
Done!
Start: walk_on_by
walk_on_by
Done!
Start: saturday
saturday
Done!
Start: impression
impression
Done!
Start: park
park
Done!
Start: chicken
chicken
Done!
Start: best
best
Done!
Start: update
update
Done!
Start: satan
satan
Done!
Start: tune
tune
Done!
Start: riding
riding
Done!
Start: local
local
Done!
Start: hope
hope
Done!
Start: familiar
familiar
Done!
Start: lucky
lucky
Done!
Start: bear
bear
Done!
Start: keep
keep
Done!
Start: ones
ones
Done!
Start: the
the
Done!
Start: smash
smash
Done!
Start: shazam
shazam
Done!
Start: rangoon
rangoon
Done!
Start: stuff
stuff
Done!
Start: she
she
Done!
Start: here_we_go
here_we_go
Done!
Start: prayers
prayers
Done!
Start: national
national
Done!
Start: central
central
Done!
Start: cold
cold
Done!
Start: i_tried
i_tried
Done!
Start: good
good
Done!
Start: luv
luv
Done!
Start: genius
genius
Done!
Start: take_that
take_that
Done!
Start: perfect
perfect
Done!
Start: forum
forum
Done!
Start: s
s
Done!
Start: key
key
Done!
Start: hits
hits
Done!
Start: firefox
firefox
Done!
Start: joke
joke
Done!
Start: circus
circus
Done!
Start: equal
equal
Done!
Start: rnd
rnd
Done!
Start: shines
shines
Done!
Start: comment
comment
Done!
Start: relevant
relevant
Done!
Start: cn
cn
Done!
Start: her
her
Done!
Start: hey
hey
Done!
Start: lol
lol
Done!
Start: walk
walk
Done!
Start: music
music
Done!
Start: away
away
Done!
Start: respect
respect
Done!
Start: get
get
Done!
Start: i_wish
i_wish
Done!
Start: it's
it's
Done!
Start: quiz
quiz
Done!
Start: upbeat
upbeat
Done!
Start: waste
waste
Done!
Start: chatter
chatter
Done!
Start: of
of
Done!
Start: league
league
Done!
Start: free
free
Done!
Start: last
last
Done!
Start: heading
heading
Done!
Start: and
and
Done!
Start: abandoned
abandoned
Done!
Start: how
how
Done!
Start: appearance
appearance
Done!
Start: value
value
Done!
Start: general
general
Done!
Start: will
will
Done!
Start: stunning
stunning
Done!
Start: ve
ve
Done!
Start: engagement
engagement
Done!
Start: wildlife
wildlife
Done!
Start: you
you
Done!
Start: let
let
Done!
Start: garden
garden
Done!
Start: juan
juan
Done!
Start: civilian
civilian
Done!
Start: radiation
radiation
Done!
Start: member
member
Done!
Start: interview
interview
Done!
Start: speaker
speaker
Done!
Start: united_nations
united_nations
Done!
Start: ball
ball
Done!
Start: premiere
premiere
Done!
Start: greg
greg
Done!
Start: student
student
Done!
Start: yep
yep
Done!
Start: sisters
sisters
Done!
Start: keep
keep
Done!
Start: houston
houston
Done!
Start: off
off
Done!
Start: center
center
Done!
Start: spring
spring
Done!
Start: well
well
Done!
Start: command
command
Done!
Start: fuck_it
fuck_it
Done!
Start: drawing
drawing
Done!
Start: can
can
Done!
Start: legendary
legendary
Done!
Start: bo
bo
Done!
Start: detail
detail
Done!
Start: front
front
Done!
Start: tool
tool
Done!
Start: san_francisco
san_francisco
Done!
Start: lauren
lauren
Done!
Start: web
web
Done!
Start: friday
friday
Done!
Start: nato
nato
Done!
Start: desk
desk
Done!
Start: press
press
Done!
Start: loss
loss
Done!
Start: priddy
priddy
Done!
Start: england
england
Done!
Start: like
like
Done!
Start: lost
lost
Done!
Start: ring
ring
Done!
Start: leaves
leaves
Done!
Start: feat
feat
Done!
Start: page
page
Done!
Start: twitter
twitter
Done!
Start: alive
alive
Done!
Start: hair
hair
Done!
Start: growth
growth
Done!
Start: recommendation
recommendation
Done!
Start: home
home
Done!
Start: trust
trust
Done!
Start: operation
operation
Done!
Start: lean
lean
Done!
Start: not_forgotten
not_forgotten
Done!
Start: heaven
heaven
Done!
Start: check_it_out
check_it_out
Done!
Start: r
r
Done!
Start: about
about
Done!
Start: rare
rare
Done!
Start: johnny
johnny
Done!
Start: december
december
Done!
Start: un
un
Done!
Start: americans
americans
Done!
Start: uk
uk
Done!
Start: japan
japan
Done!
Start: documentary
documentary
Done!
Start: phoenix_airport
phoenix_airport
Done!
Start: tag
tag
Done!
Start: socks
socks
Done!
Start: tackle
tackle
Done!
Start: weather
weather
Done!
Start: roads
roads
Done!
Start: chile
chile
Done!
Start: buy
buy
Done!
Start: bus
bus
Done!
Start: well
well
Done!
Start: embargo
embargo
Done!
Start: 2gether
2gether
Done!
Start: jenny
jenny
Done!
Start: wish
wish
Done!
Start: official
official
Done!
Start: philanthropy
philanthropy
Done!
Start: walk
walk
Done!
Start: record
record
Done!
Start: britain
britain
Done!
Start: catching
catching
Done!
Start: stories
stories
Done!
Start: irish
irish
Done!
Start: rubble
rubble
Done!
Start: pig
pig
Done!
Start: vancouver
vancouver
Done!
Start: education
education
Done!
Start: mutual
mutual
Done!
Start: lately
lately
Done!
Start: wireless
wireless
Done!
Start: five
five
Done!
Start: good_fight
good_fight
Done!
Start: repeat
repeat
Done!
Start: 4q
4q
Done!
Start: april
april
Done!
Start: chance
chance
Done!
Start: u
u
Done!
Start: karin
karin
Done!
Start: with_you
with_you
Done!
Start: n
n
Done!
Start: friends
friends
Done!
Start: page
page
Done!
Start: south
south
Done!
Start: local_time
local_time
Done!
Start: south_korean
south_korean
Done!
Start: shooting
shooting
Done!
Start: life
life
Done!
Start: andreas
andreas
Done!
Start: big_apple
big_apple
Done!
Start: sleep
sleep
Done!
Start: hate
hate
Done!
Start: b2b
b2b
Done!
Start: relationships
relationships
Done!
Start: on_air
on_air
Done!
Start: last
last
Done!
Start: new_way
new_way
Done!
Start: tweet
tweet
Done!
Start: watch
watch
Done!
Start: mediterranean
mediterranean
Done!
Start: ranger
ranger
Done!
Start: wake_up
wake_up
Done!
Start: rescue
rescue
Done!
Start: ga
ga
Done!
Start: school
school
Done!
Start: attic
attic
Done!
Start: bacon
bacon
Done!
Start: go
go
Done!
Start: heading
heading
Done!
Start: enjoy
enjoy
Done!
Start: taps
taps
Done!
Start: not_alone
not_alone
Done!
Start: festival
festival
Done!
Start: japanese
japanese
Done!
Start: street
street
Done!
Start: gideon
gideon
Done!
Start: maze
maze
Done!
Start: christ
christ
Done!
Start: amazon
amazon
Done!
Start: above
above
Done!
Start: new
new
Done!
Start: ever
ever
Done!
Start: made
made
Done!
Start: here
here
Done!
Start: studio
studio
Done!
Start: aid
aid
Done!
Start: motivation
motivation
Done!
Start: kids
kids
Done!
Start: good_night
good_night
Done!
Start: tuesday
tuesday
Done!
Start: queen
queen
Done!
Start: credit
credit
Done!
Start: military
military
Done!
Start: changes
changes
Done!
Start: missing
missing
Done!
Start: orleans
orleans
Done!
Start: campaign
campaign
Done!
Start: support
support
Done!
Start: bro
bro
Done!
Start: behind
behind
Done!
Start: pesto
pesto
Done!
Start: unit
unit
Done!
Start: sarah
sarah
Done!
Start: arms
arms
Done!
Start: stay
stay
Done!
Start: cali
cali
Done!
Start: music
music
Done!
Start: typo
typo
Done!
Start: strike
strike
Done!
Start: tell
tell
Done!
Start: christina
christina
Done!
Start: hurt
hurt
Done!
Start: phone
phone
Done!
Start: warm
warm
Done!
Start: hold
hold
Done!
Start: must
must
Done!
Start: shoot
shoot
Done!
Start: inning
inning
Done!
Start: crazy
crazy
Done!
Start: word
word
Done!
Start: room
room
Done!
Start: work
work
Done!
Start: gabba
gabba
Done!
Start: thank_you
thank_you
Done!
Start: daft
daft
Done!
Start: hagar
hagar
Done!
Start: tomahawk
tomahawk
Done!
Start: vodka
vodka
Done!
Start: le
le
Done!
Start: lo
lo
Done!
Start: cong
cong
Done!
Start: want
want
Done!
Start: times
times
Done!
Start: dempsey
dempsey
Done!
Start: end
end
Done!
Start: phoenix
phoenix
Done!
Start: how
how
Done!
Start: amazing
amazing
Done!
Start: hop
hop
Done!
Start: interview
interview
Done!
Start: beauty
beauty
Done!
Start: my_way
my_way
Done!
Start: bday
bday
Done!
Start: my_home
my_home
Done!
Start: will
will
Done!
Start: wrong
wrong
Done!
Start: president
president
Done!
Start: sammy
sammy
Done!
Start: purchase
purchase
Done!
Start: tough
tough
Done!
Start: childhood
childhood
Done!
Start: fabulous
fabulous
Done!
Start: green
green
Done!
Start: enter
enter
Done!
Start: fan
fan
Done!
Start: wind
wind
Done!
Start: blue
blue
Done!
Start: manchester
manchester
Done!
Start: deck
deck
Done!
Start: over
over
Done!
Start: presence
presence
Done!
Start: london
london
Done!
Start: tips
tips
Done!
Start: true
true
Done!
Start: ticket
ticket
Done!
Start: digest
digest
Done!
Start: his
his
Done!
Start: haley
haley
Done!
Start: here
here
Done!
Start: game_on
game_on
Done!
Start: weeks
weeks
Done!
Start: norway
norway
Done!
Start: then
then
Done!
Start: observatory
observatory
Done!
Start: band
band
Done!
Start: prop
prop
Done!
Start: grammar
grammar
Done!
Start: indie
indie
Done!
Start: india
india
Done!
Start: four
four
Done!
Start: victory
victory
Done!
Start: check
check
Done!
Start: shakira
shakira
Done!
Start: mean
mean
Done!
Start: wow
wow
Done!
Start: discovery
discovery
Done!
Start: network
network
Done!
Start: content
content
Done!
Start: re
re
Done!
Start: super
super
Done!
Start: must
must
Done!
Start: eternal
eternal
Done!
Start: free
free
Done!
Start: roth
roth
Done!
Start: no_more
no_more
Done!
Start: ugh
ugh
Done!
Start: clinton
clinton
Done!
Start: parade
parade
Done!
Start: national
national
Done!
Start: days
days
Done!
Start: american
american
Done!
Start: loud
loud
Done!
Start: please
please
Done!
Start: kyiv
kyiv
Done!
Start: cee
cee
Done!
Start: congress
congress
Done!
Start: top
top
Done!
Start: girls
girls
Done!
Start: elevator
elevator
Done!
Start: rebecca
rebecca
Done!
Start: dogs
dogs
Done!
Start: listen
listen
Done!
Start: tool
tool
Done!
Start: wasted
wasted
Done!
Start: charleston
charleston
Done!
Start: white
white
Done!
Start: hawk
hawk
Done!
Start: coward
coward
Done!
Start: immigrants
immigrants
Done!
Start: shower
shower
Done!
Start: absence
absence
Done!
Start: friend
friend
Done!
Start: sen
sen
Done!
Start: minus
minus
Done!
Start: mini
mini
Done!
Start: rad
rad
Done!
Start: mind
mind
Done!
Start: eyes
eyes
Done!
Start: rap
rap
Done!
Start: stomach
stomach
Done!
Start: seminar
seminar
Done!
Start: my_friend
my_friend
Done!
Start: snow
snow
Done!
Start: band
band
Done!
Start: season
season
Done!
Start: jones
jones
Done!
Start: wells
wells
Done!
Start: hide
hide
Done!
Start: mean
mean
Done!
Start: don
don
Done!
Start: clock
clock
Done!
Start: m
m
Done!
Start: bound
bound
Done!
Start: democrat
democrat
Done!
Start: reputation
reputation
Done!
Start: want
want
Done!
Start: qi
qi
Done!
Start: reserve
reserve
Done!
Start: kiev
kiev
Done!
Start: agency
agency
Done!
Start: radio
radio
Done!
Start: timetable
timetable
Done!
Start: european
european
Done!
Start: santiago
santiago
Done!
Start: big
big
Done!
Start: bit
bit
Done!
Start: rice
rice
Done!
Start: do
do
Done!
Start: yo
yo
Done!
Start: stop
stop
Done!
Start: report
report
Done!
Start: yell
yell
Done!
Start: bar
bar
Done!
Start: countries
countries
Done!
Start: hip_hop
hip_hop
Done!
Start: news
news
Done!
Start: best
best
Done!
Start: run
run
Done!
Start: cooperation
cooperation
Done!
Start: baby_shower
baby_shower
Done!
Start: pirate
pirate
Done!
Start: side
side
Done!
Start: we
we
Done!
Start: love
love
Done!
Start: confusion
confusion
Done!
Start: cousin
cousin
Done!
Start: good_job
good_job
Done!
Start: log
log
Done!
Start: met
met
Done!
Start: country
country
Done!
Start: waking
waking
Done!
Start: games
games
Done!
Start: com
com
Done!
Start: pre
pre
Done!
Start: forest
forest
Done!
Start: closed
closed
Done!
Start: method
method
Done!
Start: targeting
targeting
Done!
Start: basis
basis
Done!
Start: stadium
stadium
Done!
Start: life
life
Done!
Start: tokyo
tokyo
Done!
Start: poland
poland
Done!
Start: child
child
Done!
Start: tradition
tradition
Done!
Start: spin
spin
Done!
Start: crossed
crossed
Done!
Start: air
air
Done!
Start: wash
wash
Done!
Start: evening
evening
Done!
Start: ain
ain
Done!
Start: teachers
teachers
Done!
Start: follow
follow
Done!
Start: balance
balance
Done!
Start: study
study
Done!
Start: cons
cons
Done!
Start: nag
nag
Done!
Start: on
on
Done!
Start: right_now
right_now
Done!
Start: it
it
Done!
Start: lol
lol
Done!
Start: write
write
Done!
Start: player
player
Done!
Start: in
in
Done!
Start: coming_out
coming_out
Done!
Start: trade
trade
Done!
Start: if
if
Done!
Start: horses
horses
Done!
Start: make
make
Done!
Start: cant
cant
Done!
Start: die
die
Done!
Start: vegetable
vegetable
Done!
Start: president
president
Done!
Start: maybe
maybe
Done!
Start: hand
hand
Done!
Start: runoff
runoff
Done!
Start: kim
kim
Done!
Start: home
home
Done!
Start: kid
kid
Done!
Start: stay_together
stay_together
Done!
Start: charlie
charlie
Done!
Start: the
the
Done!
Start: yours
yours
Done!
Start: left
left
Done!
Start: background
background
Done!
Start: yea
yea
Done!
Start: ideas
ideas
Done!
Start: thanks
thanks
Done!
Start: human
human
Done!
Start: yes
yes
Done!
Start: bit
bit
Done!
Start: happy
happy
Done!
Start: day_one
day_one
Done!
Start: beloved
beloved
Done!
Start: has
has
Done!
Start: knock
knock
Done!
Start: james
james
Done!
Start: try
try
Done!
Start: chrysler
chrysler
Done!
Start: art
art
Done!
Start: gift
gift
Done!
Start: 55
55
Done!
Start: all_day
all_day
Done!
Start: are
are
Done!
Start: security
security
Done!
Start: prince
prince
Done!
Start: right
right
Done!
Start: old
old
Done!
Start: people
people
Done!
Start: lee
lee
Done!
Start: for
for
Done!
Start: everything
everything
Done!
Start: hi
hi
Done!
Start: shakespeare
shakespeare
Done!
Start: ha
ha
Done!
Start: night
night
Done!
Start: post
post
Done!
Start: super
super
Done!
Start: first
first
Done!
Start: dinner
dinner
Done!
Start: plus
plus
Done!
Start: best
best
Done!
Start: strength
strength
Done!
Start: cup
cup
Done!
Start: down
down
Done!
Start: thankful
thankful
Done!
Start: korean
korean
Done!
Start: support
support
Done!
Start: sovereign
sovereign
Done!
Start: class
class
Done!
Start: way
way
Done!
Start: call
call
Done!
Start: halls
halls
Done!
Start: tune
tune
Done!
Start: happy
happy
Done!
Start: offering
offering
Done!
Start: january
january
Done!
Start: novello
novello
Done!
Start: hear
hear
Done!
Start: tasmania
tasmania
Done!
Start: true
true
Done!
Start: frankie
frankie
Done!
Start: david_jones
david_jones
Done!
Start: odd
odd
Done!
Start: jessie
jessie
Done!
Start: proud
proud
Done!
Start: hungry
hungry
Done!
Start: get_it
get_it
Done!
Start: michael_bruce
michael_bruce
Done!
Start: check
check
Done!
Start: cassie
cassie
Done!
Start: begin
begin
Done!
Start: francisco
francisco
Done!
Start: description
description
Done!
Start: stake
stake
Done!
Start: tip
tip
Done!
Start: cornwall
cornwall
Done!
Start: digital
digital
Done!
Start: roll
roll
Done!
Start: brothers
brothers
Done!
Start: double
double
Done!
Start: welcome
welcome
Done!
Start: how
how
Done!
Start: fell
fell
Done!
Start: peter_pan
peter_pan
Done!
Start: get_ready
get_ready
Done!
Start: madness
madness
Done!
Start: faster
faster
Done!
Start: new_song
new_song
Done!
Start: together
together
Done!
Start: time
time
Done!
Start: metrobus
metrobus
Done!
Start: dance
dance
Done!
Start: global
global
Done!
Start: focus
focus
Done!
Start: future
future
Done!
Start: mile
mile
Done!
Start: ice
ice
Done!
Start: charlie
charlie
Done!
Start: graph
graph
Done!
Start: father
father
Done!
Start: countdown
countdown
Done!
Start: day
day
Done!
Start: me
me
Done!
Start: exact
exact
Done!
Start: cool
cool
Done!
Start: clouds
clouds
Done!
Start: one_week
one_week
Done!
Start: global
global
Done!
Start: standards
standards
Done!
Start: i_like_it
i_like_it
Done!
Start: team
team
Done!
Start: quick
quick
Done!
Start: dis
dis
Done!
Start: brave
brave
Done!
Start: only_you
only_you
Done!
Start: discover
discover
Done!
Start: sign
sign
Done!
Start: martin
martin
Done!
Start: business
business
Done!
Start: gabby
gabby
Done!
Start: damian
damian
Done!
Start: libya
libya
Done!
Start: age
age
Done!
Start: french
french
Done!
Start: water
water
Done!
Start: alone
alone
Done!
Start: earthquake
earthquake
Done!
Start: wait
wait
Done!
Start: box
box
Done!
Start: boy
boy
Done!
Start: deal
deal
Done!
Start: mo
mo
Done!
Start: trial
trial
Done!
Start: maine
maine
Done!
Start: homecoming
homecoming
Done!
Start: love
love
Done!
Start: humour
humour
Done!
Start: extra
extra
Done!
Start: doe
doe
Done!
Start: isaac
isaac
Done!
Start: kendra
kendra
Done!
Start: everybody
everybody
Done!
Start: world_cup
world_cup
Done!
Start: angry
angry
Done!
Start: visit
visit
Done!
Start: by
by
Done!
Start: live
live
Done!
Start: fierce
fierce
Done!
Start: today
today
Done!
Start: club
club
Done!
Start: on_tour
on_tour
Done!
Start: hayes
hayes
Done!
Start: casey
casey
Done!
Start: car
car
Done!
Start: museum
museum
Done!
Start: sushi
sushi
Done!
Start: soul
soul
Done!
Start: pacific
pacific
Done!
Start: sour
sour
Done!
Start: can
can
Done!
Start: crazy
crazy
Done!
Start: awesome
awesome
Done!
Start: fuck
fuck
Done!
Start: heard
heard
Done!
Start: tusk
tusk
Done!
Start: winter
winter
Done!
Start: who
who
Done!
Start: lounge
lounge
Done!
Start: prometheus
prometheus
Done!
Start: sword
sword
Done!
Start: dominance
dominance
Done!
Start: economy
economy
Done!
Start: always
always
Done!
Start: 4th
4th
Done!
Start: maritime
maritime
Done!
Start: the_best
the_best
Done!
Start: man
man
Done!
Start: exclusive
exclusive
Done!
Start: natural
natural
Done!
Start: neck
neck
Done!
Start: maybe
maybe
Done!
Start: la
la
Done!
Start: talk
talk
Done!
Start: exclusive
exclusive
Done!
Start: brain
brain
Done!
Start: cut
cut
Done!
Start: white
white
Done!
Start: still
still
Done!
Start: sheen
sheen
Done!
Start: group
group
Done!
Start: dallas
dallas
Done!
Start: rain
rain
Done!
Start: policy
policy
Done!
Start: world
world
Done!
Start: sooner
sooner
Done!
Start: nation
nation
Done!
Start: sheikh
sheikh
Done!
Start: answer
answer
Done!
Start: not
not
Done!
Start: now
now
Done!
Start: name
name
Done!
Start: beach
beach
Done!
Start: turn_it_up
turn_it_up
Done!
Start: stole
stole
Done!
Start: split
split
Done!
Start: ft
ft
Done!
Start: suzuki
suzuki
Done!
Start: ice_cream
ice_cream
Done!
Start: carolina
carolina
Done!
Start: album
album
Done!
Start: elizabeth
elizabeth
Done!
Start: my_friend
my_friend
Done!
Start: michigan
michigan
Done!
Start: welcome
welcome
Done!
Start: toscano
toscano
Done!
Start: looking
looking
Done!
Start: commerce
commerce
Done!
Start: theater
theater
Done!
Start: theory
theory
Done!
Start: the_sign
the_sign
Done!
Start: cars
cars
Done!
Start: record
record
Done!
Start: stand
stand
Done!
Start: grab
grab
Done!
Start: advance
advance
Done!
Start: app
app
Done!
Start: turn
turn
Done!
Start: routes
routes
Done!
Start: charleston
charleston
Done!
Start: think
think
Done!
Start: one
one
Done!
Start: black
black
Done!
Start: vote
vote
Done!
Start: message
message
Done!
Start: tomorrow
tomorrow
Done!
Start: little
little
Done!
Start: sheet
sheet
Done!
Start: monday
monday
Done!
Start: sex
sex
Done!
Start: levi
levi
Done!
Start: 2
2
Done!
Start: seo
seo
Done!
Start: post
post
Done!
Start: sheen
sheen
Done!
Start: that
that
Done!
Start: patrick
patrick
Done!
Start: beverly
beverly
Done!
Start: than
than
Done!
Start: population
population
Done!
Start: love
love
Done!
Start: 14
14
Done!
Start: 16
16
Done!
Start: was
was
Done!
Start: sensation
sensation
Done!
Start: sears
sears
Done!
Start: and
and
Done!
Start: rockies
rockies
Done!
Start: say
say
Done!
Start: breakfast
breakfast
Done!
Start: saw
saw
Done!
Start: do
do
Done!
Start: exploratory
exploratory
Done!
Start: aside
aside
Done!
Start: singled_out
singled_out
Done!
Start: take
take
Done!
Start: performance
performance
Done!
Start: concern
concern
Done!
Start: begin
begin
Done!
Start: sure
sure
Done!
Start: track
track
Done!
Start: price
price
Done!
Start: pair
pair
Done!
Start: pages
pages
Done!
Start: city
city
Done!
Start: trust
trust
Done!
Start: closet
closet
Done!
Start: later
later
Done!
Start: sale
sale
Done!
Start: senior
senior
Done!
Start: my_music
my_music
Done!
Start: web
web
Done!
Start: shot
shot
Done!
Start: show
show
Done!
Start: barry
barry
Done!
Start: moi
moi
Done!
Start: smile
smile
Done!
Start: jean
jean
Done!
Start: we
we
Done!
Start: nice
nice
Done!
Start: love_of_my_life
love_of_my_life
Done!
Start: outside
outside
Done!
Start: only
only
Done!
Start: going
going
Done!
Start: info
info
Done!
Start: stay
stay
Done!
Start: get
get
Done!
Start: louis
louis
Done!
Start: schmitt
schmitt
Done!
Start: au
au
Done!
Start: celebrate
celebrate
Done!
Start: prime
prime
Done!
Start: right
right
Done!
Start: angel
angel
Done!
Start: morning
morning
Done!
Start: champa
champa
Done!
Start: be_real
be_real
Done!
Start: twitter
twitter
Done!
Start: 5_years
5_years
Done!
Start: concert
concert
Done!
Start: apps
apps
Done!
Start: college
college
Done!
Start: hell
hell
Done!
Start: wonder
wonder
Done!
Start: that
that
Done!
Start: federal
federal
Done!
Start: 3
3
Done!
Start: fight
fight
Done!
Start: love_you
love_you
Done!
Start: directory
directory
Done!
Start: article
article
Done!
Start: libya
libya
Done!
Start: region
region
Done!
Start: job
job
Done!
Start: tour
tour
Done!
Start: last_night
last_night
Done!
Start: mandate
mandate
Done!
Start: period
period
Done!
Start: pop
pop
Done!
Start: i_am
i_am
Done!
Start: turkey
turkey
Done!
Start: buy
buy
Done!
Start: vacation
vacation
Done!
Start: borders
borders
Done!
Start: shopping
shopping
Done!
Start: for_you
for_you
Done!
Start: wake
wake
Done!
Start: minister
minister
Done!
Start: thing
thing
Done!
Start: careful
careful
Done!
Start: sound
sound
Done!
Start: myself
myself
Done!
Start: cast
cast
Done!
Start: you_are
you_are
Done!
Start: situation
situation
Done!
Start: mercer
mercer
Done!
Start: oak
oak
Done!
Start: someone
someone
Done!
Start: pres
pres
Done!
Start: rooting
rooting
Done!
Start: media
media
Done!
Start: trip
trip
Done!
Start: food
food
Done!
Start: meta
meta
Done!
Start: shit
shit
Done!
Start: i_heard
i_heard
Done!
Start: week
week
Done!
Start: i
i
Done!
Start: assist
assist
Done!
Start: it
it
Done!
Start: ii
ii
Done!
Start: driven
driven
Done!
Start: lauren
lauren
Done!
Start: passing
passing
Done!
Start: it
it
Done!
Start: costs
costs
Done!
Start: in
in
Done!
Start: id
id
Done!
Start: if
if
Done!
Start: white_house
white_house
Done!
Start: summer
summer
Done!
Start: united
united
Done!
Start: rest
rest
Done!
Start: aspect
aspect
Done!
Start: speed
speed
Done!
Start: christ
christ
Done!
Start: clueless
clueless
Done!
Start: missile
missile
Done!
Start: blog
blog
Done!
Start: 4
4
Done!
Start: crane
crane
Done!
Start: real
real
Done!
Start: dammit
dammit
Done!
Start: around
around
Done!
Start: read
read
Done!
Start: dispatch
dispatch
Done!
Start: mom
mom
Done!
Start: world
world
Done!
Start: sensational
sensational
Done!
Start: producer
producer
Done!
Start: pia
pia
Done!
Start: tsunami
tsunami
Done!
Start: london
london
Done!
Start: nose
nose
Done!
Start: inter
inter
Done!
Start: before
before
Done!
Start: marc
marc
Done!
Start: west
west
Done!
Start: arms
arms
Done!
Start: amazing
amazing
Done!
Start: images
images
Done!
Start: new
new
Done!
Start: mary
mary
Done!
Start: legal
legal
Done!
Start: chilean
chilean
Done!
Start: council
council
Done!
Start: power
power
Done!
Start: rock
rock
Done!
Start: on
on
Done!
Start: tease
tease
Done!
Start: island
island
Done!
Start: violence
violence
Done!
Start: my_world
my_world
Done!
Start: wolf
wolf
Done!
Start: stand
stand
Done!
Start: act
act
Done!
Start: luck
luck
Done!
Start: or
or
Done!
Start: no
no
Done!
Start: coupon
coupon
Done!
Start: image
image
Done!
Start: blessed
blessed
Done!
Start: doodles
doodles
Done!
Start: store
store
Done!
Start: area
area
Done!
Start: lol
lol
Done!
Start: start
start
Done!
Start: birthday
birthday
Done!
Start: lot
lot
Done!
Start: obama
obama
Done!
Start: remember
remember
Done!
Start: we_are
we_are
Done!
Start: taking_over
taking_over
Done!
Start: walker
walker
Done!
Start: with
with
Done!
Start: cheated
cheated
Done!
Start: speed_up
speed_up
Done!
Start: house
house
Done!
Start: bucket
bucket
Done!
Start: on_my_way
on_my_way
Done!
Start: site
site
Done!
Start: engine
engine
Done!
Start: ad
ad
Done!
Start: usa
usa
Done!
Start: imagination
imagination
Done!
Start: stapp
stapp
Done!
Start: moves
moves
Done!
Start: cream
cream
Done!
Start: again
again
Done!
Start: atlantic
atlantic
Done!
Start: you
you
Done!
Start: dare
dare
Done!
Start: shelter
shelter
Done!
Start: coverage
coverage
Done!
Start: dragon
dragon
Done!
Start: pool
pool
Done!
Start: building
building
Done!
Start: executive
executive
Done!
Start: street
street
Done!
Start: u
u
Done!
Start: directory
directory
Done!
Start: deluxe
deluxe
Done!
Start: resolution
resolution
Done!
Start: canada
canada
Done!
Start: all
all
Done!
Start: liar
liar
Done!
Start: consider
consider
Done!
Start: stretch
stretch
Done!
Start: take
take
Done!
Start: follow
follow
Done!
Start: strangers
strangers
Done!
Start: jesus_christ
jesus_christ
Done!
Start: to
to
Done!
Start: dressing
dressing
Done!
Start: get_it_right
get_it_right
Done!
Start: song
song
Done!
Start: fall
fall
Done!
Start: awful
awful
Done!
Start: evaluation
evaluation
Done!
Start: list
list
Done!
Start: juice
juice
Done!
Start: sand
sand
Done!
Start: majesty
majesty
Done!
Start: ass
ass
Done!
Start: neighborhood
neighborhood
Done!
Start: denver
denver
Done!
Start: dilly
dilly
Done!
Start: design
design
Done!
Start: dressing_up
dressing_up
Done!
Start: what
what
Done!
Start: latin
latin
Done!
Start: sun
sun
Done!
Start: version
version
Done!
Start: arena
arena
Done!
Start: dad
dad
Done!
Start: full
full
Done!
Start: this_week
this_week
Done!
Start: hours
hours
Done!
Start: palin
palin
Done!
Start: strong
strong
Done!
Start: search
search
Done!
Start: zone
zone
Done!
Start: bonds
bonds
Done!
Start: experience
experience
Done!
Start: airport
airport
Done!
Start: pick
pick
Done!
Start: action
action
Done!
Start: formation
formation
Done!
Start: border
border
Done!
Start: devil
devil
Done!
Start: vid
vid
Done!
Start: scorpio
scorpio
Done!
Start: top
top
Done!
Start: eu
eu
Done!
Start: europe
europe
Done!
Start: 6
6
Done!
Start: more
more
Done!
Start: bless
bless
Done!
Start: landed
landed
Done!
Start: atlanta
atlanta
Done!
Start: final_four
final_four
Done!
Start: dev
dev
Done!
Start: vs
vs
Done!
Start: mideast
mideast
Done!
Start: learn
learn
Done!
Start: beautiful
beautiful
Done!
Start: share
share
Done!
Start: accept
accept
Done!
Start: can
can
Done!
Start: sense
sense
Done!
Start: lucky_strike
lucky_strike
Done!
Start: huge
huge
Done!
Start: stack
stack
Done!
Start: see_you
see_you
Done!
Start: stay_positive
stay_positive
Done!
Start: plant
plant
Done!
Start: don
don
Done!
Start: plane
plane
Done!
Start: authentic
authentic
Done!
Start: sophia
sophia
Done!
Start: short
short
Done!
Start: sweet
sweet
Done!
Start: shade
shade
Done!
Start: what
what
Done!
Start: help
help
Done!
Start: heartfelt
heartfelt
Done!
Start: paper
paper
Done!
Start: committee
committee
Done!
Start: texas
texas
Done!
Start: style
style
Done!
Start: march
march
Done!
Start: pray
pray
Done!
Start: late
late
Done!
Start: peanuts
peanuts
Done!
Start: check
check
Done!
Start: good
good
Done!
Start: return
return
Done!
Start: ya
ya
Done!
Start: michael
michael
Done!
Start: ninja
ninja
Done!
Start: reminder
reminder
Done!
Start: desperately
desperately
Done!
Start: savannah
savannah
Done!
Start: always
always
Done!
Start: silver
silver
Done!
Start: isaac_hayes
isaac_hayes
Done!
Start: thanks
thanks
Done!
Start: rap
rap
Done!
Start: found
found
Done!
Start: poll
poll
Done!
Start: friendship
friendship
Done!
Start: everyone
everyone
Done!
Start: generation
generation
Done!
Start: rose
rose
Done!
Start: energy
energy
Done!
Start: hard
hard
Done!
Start: idea
idea
Done!
Start: waiting
waiting
Done!
Start: blues
blues
Done!
Start: beyond
beyond
Done!
Start: event
event
Done!
Start: more
more
Done!
Start: leave
leave
Done!
Start: alcohol
alcohol
Done!
Start: stay_tuned
stay_tuned
Done!
Start: health
health
Done!
Start: 7
7
Done!
Start: ukraine
ukraine
Done!
Start: bistro
bistro
Done!
Start: reporting
reporting
Done!
Start: pub
pub
Done!
Start: put
put
Done!
Start: el
el
Done!
Start: fantastic
fantastic
Done!
Start: people
people
Done!
Start: terrible
terrible
Done!
Start: american
american
Done!
Start: expecting
expecting
Done!
Start: w
w
Done!
Start: feel
feel
Done!
Start: zayed
zayed
Done!
Start: fancy
fancy
Done!
Start: feet
feet
Done!
Start: miss
miss
Done!
Start: story
story
Done!
Start: fuck
fuck
Done!
Start: slump
slump
Done!
Start: station
station
Done!
Start: statement
statement
Done!
Start: scheme
scheme
Done!
Start: storm
storm
Done!
Start: relationship
relationship
Done!
Start: trapped
trapped
Done!
Start: park
park
Done!
Start: stairs
stairs
Done!
Start: haiti
haiti
Done!
Start: b
b
Done!
Start: get_it_together
get_it_together
Done!
Start: new_orleans
new_orleans
Done!
Start: defence
defence
Done!
Start: god
god
Done!
Start: peace
peace
Done!
Start: father
father
Done!
Start: julia
julia
Done!
Start: checkout
checkout
Done!
Start: sell
sell
Done!
Start: nights
nights
Done!
Start: club
club
Done!
Start: arab
arab
Done!
Start: waking_up
waking_up
Done!
Start: liz
liz
Done!
Start: relief
relief
Done!
Start: play
play
Done!
Start: quote
quote
Done!
Start: m
m
Done!
Start: bohemian
bohemian
Done!
Start: rose_garden
rose_garden
Done!
Start: nothing
nothing
Done!
Start: fresh
fresh
Done!
Start: the
the
Done!
Start: achievement
achievement
Done!
Start: stands
stands
Done!
Start: google
google
Done!
Start: clear
clear
Done!
Start: port
port
Done!
Start: bruce
bruce
Done!
Start: clean
clean
Done!
Start: san_diego
san_diego
Done!
Start: patent
patent
Done!
Start: booze
booze
Done!
Start: fine
fine
Done!
Start: jb
jb
Done!
Start: giant
giant
Done!
Start: get_up
get_up
Done!
Start: something
something
Done!
Start: freestyle
freestyle
Done!
Start: jr
jr
Done!
Start: pretty
pretty
Done!
Start: celebrate
celebrate
Done!
Start: hip
hip
Done!
Start: his
his
Done!
Start: hit
hit
Done!
Start: favorite
favorite
Done!
Start: aguilera
aguilera
Done!
Start: banner
banner
Done!
Start: him
him
Done!
Start: help
help
Done!
Start: this
this
Done!
Start: cry
cry
Done!
Start: cartoon
cartoon
Done!
Start: common
common
Done!
Start: snowstorm
snowstorm
Done!
Start: single
single
Done!
Start: bars
bars
Done!
Start: set
set
Done!
Start: see
see
Done!
Start: dumb
dumb
Done!
Start: are
are
Done!
Start: march_madness
march_madness
Done!
Start: close
close
Done!
Start: foo
foo
Done!
Start: i_know
i_know
Done!
Start: 2.5
2.5
Done!
Start: project
project
Done!
Start: expert
expert
Done!
Start: mine
mine
Done!
Start: wow
wow
Done!
Start: this_morning
this_morning
Done!
Start: fans
fans
Done!
Start: video
video
Done!
Start: upload
upload
Done!
Start: alan_bennett
alan_bennett
Done!
Start: invisible
invisible
Done!
Start: both
both
Done!
Start: folding
folding
Done!
Start: hari
hari
Done!
Start: restaurant
restaurant
Done!
Start: happy_birthday
happy_birthday
Done!
Start: purpose
purpose
Done!
Start: forgotten
forgotten
Done!
Start: home_sweet_home
home_sweet_home
Done!
Start: simple
simple
Done!
Start: sweet
sweet
Done!
Start: loan
loan
Done!
Start: community
community
Done!
Start: double_dare
double_dare
Done!
Start: way
way
Done!
Start: online
online
Done!
Start: disney
disney
Done!
Start: cary
cary
Done!
Start: movie
movie
Done!
Start: the_city
the_city
Done!
Start: pi
pi
Done!
Start: allies
allies
Done!
Start: handoff
handoff
Done!
Start: else
else
Done!
Start: whistler
whistler
Done!
Start: rhapsody
rhapsody
Done!
Start: software
software
Done!
Start: look
look
Done!
Start: bill
bill
Done!
Start: one_man
one_man
Done!
Start: fun
fun
Done!
Start: market
market
Done!
Start: city
city
Done!
Start: qatar
qatar
Done!
Start: italy
italy
Done!
Start: nothing_has_changed
nothing_has_changed
Done!
Start: owen
owen
Done!
Start: tim
tim
Done!
Start: ready
ready
Done!
Start: good_feeling
good_feeling
Done!
Start: eyes
eyes
Done!
Start: dozens
dozens
Done!
Start: rock
rock
Done!
Start: wrong_way
wrong_way
Done!
Start: spot
spot
Done!
Start: yesterday
yesterday
Done!
Start: hope
hope
Done!
Start: moment
moment
Done!
Start: user
user
Done!
Start: sol
sol
Done!
Start: person
person
Done!
Start: edge
edge
Done!
Start: organization
organization
Done!
Start: girl
girl
Done!
Start: living
living
Done!
Start: fans
fans
Done!
Start: carondelet
carondelet
Done!
Start: cut
cut
Done!
Start: pia
pia
Done!
Start: cuz
cuz
Done!
Start: source
source
Done!
Start: excited
excited
Done!
Start: bin
bin
Done!
Start: they
they
Done!
Start: emergency
emergency
Done!
Start: oh
oh
Done!
Start: big
big
Done!
Start: game
game
Done!
Start: betty
betty
Done!
Start: buzz
buzz
Done!
Start: div
div
Done!
Start: on
on
Done!
Start: kid
kid
Done!
Start: little
little
Done!
Start: parade
parade
Done!
Start: absolutely
absolutely
Done!
Start: back
back
Done!
Start: andy
andy
Done!
Start: wembley
wembley
Done!
Start: 5
5
Done!
Start: friend
friend
Done!
Start: firm
firm
Done!
Start: keynote
keynote
Done!
Start: benefit
benefit
Done!
Start: pen
pen
Done!
Start: laughing
laughing
Done!
Start: be
be
Done!
Start: run
run
Done!
Start: reach
reach
Done!
Start: bill
bill
Done!
Start: agreement
agreement
Done!
Start: david
david
Done!
Start: hero
hero
Done!
Start: anything
anything
Done!
Start: positive
positive
Done!
Start: block
block
Done!
Start: seeing
seeing
Done!
Start: bears
bears
Done!
Start: aliens
aliens
Done!
Start: good_luck
good_luck
Done!
Start: that_girl
that_girl
Done!
Start: karen
karen
Done!
Start: forward
forward
Done!
Start: come
come
Done!
Start: section
section
Done!
Start: crab
crab
Done!
Start: slump
slump
Done!
Start: boys
boys
Done!
Start: link
link
Done!
Start: stand_up
stand_up
Done!
Start: episode
episode
Done!
Start: austin
austin
Done!
Start: i'll
i'll
Done!
Start: irish
irish
Done!
Start: travelling
travelling
Done!
Start: jeff
jeff
Done!
Start: awesome
awesome
Done!
Start: bennett
bennett
Done!
Start: up
up
Done!
Start: leon
leon
Done!
Start: ur
ur
Done!
Start: uk
uk
Done!
Start: fried
fried
Done!
Start: god_bless_america
god_bless_america
Done!
Start: comic_relief
comic_relief
Done!
Start: report
report
Done!
Start: international
international
Done!
Start: sierra
sierra
Done!
Start: cafe
cafe
Done!
Start: peace
peace
Done!
Start: to
to
Done!
Start: hangman
hangman
Done!
Start: plain
plain
Done!
Start: this_life
this_life
Done!
Start: man
man
Done!
Start: favourite
favourite
Done!
Start: help_me
help_me
Done!
Start: wednesday
wednesday
Done!
Start: shower
shower
Done!
Start: cast
cast
Done!
Start: cindy
cindy
Done!
Start: structure
structure
Done!
Start: land
land
Done!
Start: ad
ad
Done!
Start: chinese_food
chinese_food
Done!
Start: scott
scott
Done!
Start: walker
walker
Done!
Start: fresh
fresh
Done!
Start: oakland
oakland
Done!
Start: results
results
Done!
Start: go
go
Done!
Start: corporate
corporate
Done!
Start: graves
graves
Done!
Start: mona
mona
Done!
Start: send
send
Done!
Start: now
now
Done!
Start: resources
resources
Done!
Start: family
family
Done!
Start: rhodes
rhodes
Done!
Start: p
p
Done!
Start: charlotte
charlotte
Done!
Start: race
race
Done!
Start: hit_me
hit_me
Done!
Start: ceasefire
ceasefire
Done!
Start: griffith
griffith
Done!
Start: state
state
Done!
Start: video
video
Done!
Start: download
download
Done!
Start: pajamas
pajamas
Done!
Start: click
click
Done!
Start: jessica
jessica
Done!
Start: narita
narita
Done!
Start: alan
alan
Done!
Start: boys
boys
Done!
Start: america
america
Done!
Start: my_life
my_life
Done!
Start: green
green
Done!
Start: others
others
Done!
Start: what_you_need
what_you_need
Done!
Start: ukraine
ukraine
Done!
Start: chinese
chinese
Done!
Start: 30
30
Done!
Start: back
back
Done!
Start: survey
survey
Done!
Start: motor
motor
Done!
Start: residents
residents
Done!
Start: out
out
Done!
Start: honor
honor
Done!
Start: apple
apple
Done!
Start: win
win
Done!
Start: nick
nick
Done!
Start: wit
wit
Done!
Start: poll
poll
Done!
Start: singing
singing
Done!
Start: cloud
cloud
Done!
Start: nice
nice
Done!
Start: confidence
confidence
Done!
Start: next
next
Done!
Start: nato
nato
Done!
Start: loreen
loreen
Done!
Start: denmark
denmark
Done!
Start: sister
sister
Done!
Start: pyro
pyro
Done!
Start: train
train
Done!
Start: relief
relief
Done!
Start: charity
charity
Done!
Start: consider_this
consider_this
Done!
Start: dogtown
dogtown
Done!
Start: this
this
Done!
Start: unreal
unreal
Done!
Start: video
video
Done!
Start: of
of
Done!
Start: vote
vote
Done!
Start: control
control
Done!
Start: favorite
favorite
Done!
Start: dutch
dutch
Done!
Start: almighty
almighty
Done!
Start: cats
cats
Done!
Start: wonderful
wonderful
Done!
Start: christmas
christmas
Done!
Start: sis
sis
Done!
Start: huge
huge
Done!
Start: deeper
deeper
Done!
Start: hiv
hiv
Done!
Start: handover
handover
Done!
Start: poetry
poetry
Done!
Start: need
need
Done!
Start: forest
forest
Done!
Start: friends
friends
Done!
Start: mohammad
mohammad
Done!
Start: farm
farm
Done!
Start: dublin
dublin
Done!
Start: british
british
Done!
Start: trees
trees
Done!
Start: spelling
spelling
Done!
Start: apple
apple
Done!
Start: light
light
Done!
Start: carrot
carrot
Done!
Start: kings
kings
Done!
Start: eternal_peace
eternal_peace
Done!
Start: minnesota
minnesota
Done!
Start: quake
quake
Done!
Start: final
final
Done!
Start: holiday
holiday
Done!
Start: i_will
i_will
Done!
Start: dad
dad
Done!
Start: dubai
dubai
Done!
Start: hawks
hawks
Done!
Start: pure
pure
Done!
Start: valentines
valentines
Done!
Start: prime_minister
prime_minister
Done!
Start: nickelodeon
nickelodeon
Done!
Start: kiss
kiss
Done!
Start: social
social
Done!
Start: human_race
human_race
Done!
Start: day
day
Done!
Start: daybreak
daybreak
Done!
Start: san
san
Done!
Start: feast
feast
Done!
Start: why
why
Done!
Start: truth
truth
Done!
Start: gary
gary
Done!
Start: bucks
bucks
Done!
Start: saw
saw
Done!
Start: next
next
Done!
Start: society
society
Done!
Start: special
special
Done!
Start: out
out
Done!
Start: rez
rez
Done!
Start: may
may
Done!
Start: china
china
Done!
Start: evacuation
evacuation
Done!
Start: baby
baby
Done!
Start: math
math
Done!
Start: do_you
do_you
Done!
Start: update
update
Done!
Start: ask
ask
Done!
Start: jesus
jesus
Done!
Start: birthday
birthday
Done!
Start: comic
comic
Done!
Start: there
there
Done!
Start: jesus
jesus
Done!
Start: bitch
bitch
Done!
Start: check_it_out
check_it_out
Done!
Start: exercise
exercise
Done!
Start: north
north
Done!
Start: guys
guys
Done!
Start: cats
cats
Done!
Start: pelosi
pelosi
Done!
Start: enforcement
enforcement
Done!
Start: listening
listening
Done!
Start: nobody
nobody
Done!
Start: infinite
infinite
Done!
Start: branches
branches
Done!
Start: remember
remember
Done!
Start: loved
loved
Done!
Start: shampoo
shampoo
Done!
Start: bed
bed
Done!
Start: connect
connect
Done!
Start: peter
peter
Done!
Start: diego
diego
Done!
Start: pat
pat
Done!
Start: tonight
tonight
Done!
Start: mogul
mogul
Done!
Start: have
have
Done!
Start: host
host
Done!
Start: one
one
Done!
Start: pan
pan
Done!
Start: oil
oil
Done!
Start: soak
soak
Done!
Start: agency
agency
Done!
Start: bagel
bagel
Done!
Start: feminine
feminine
Done!
Start: santa
santa
Done!
Start: radio
radio
Done!
Start: who
who
Done!
Start: detroit
detroit
Done!
Start: enter
enter
Done!
Start: in_my_life
in_my_life
Done!
Start: why
why
Done!
Start: jesus_christ
jesus_christ
Done!
Start: face
face
Done!
Start: absurd
absurd
Done!
Start: walk_on_by
walk_on_by
Done!
Start: saturday
saturday
Done!
Start: impression
impression
Done!
Start: park
park
Done!
Start: chicken
chicken
Done!
Start: best
best
Done!
Start: update
update
Done!
Start: satan
satan
Done!
Start: tune
tune
Done!
Start: riding
riding
Done!
Start: local
local
Done!
Start: hope
hope
Done!
Start: familiar
familiar
Done!
Start: lucky
lucky
Done!
Start: bear
bear
Done!
Start: keep
keep
Done!
Start: ones
ones
Done!
Start: the
the
Done!
Start: smash
smash
Done!
Start: shazam
shazam
Done!
Start: rangoon
rangoon
Done!
Start: stuff
stuff
Done!
Start: she
she
Done!
Start: here_we_go
here_we_go
Done!
Start: prayers
prayers
Done!
Start: national
national
Done!
Start: central
central
Done!
Start: cold
cold
Done!
Start: i_tried
i_tried
Done!
Start: good
good
Done!
Start: luv
luv
Done!
Start: genius
genius
Done!
Start: take_that
take_that
Done!
Start: perfect
perfect
Done!
Start: forum
forum
Done!
Start: s
s
Done!
Start: key
key
Done!
Start: hits
hits
Done!
Start: firefox
firefox
Done!
Start: joke
joke
Done!
Start: circus
circus
Done!
Start: equal
equal
Done!
Start: rnd
rnd
Done!
Start: shines
shines
Done!
Start: comment
comment
Done!
Start: relevant
relevant
Done!
Start: cn
cn
Done!
Start: her
her
Done!
Start: hey
hey
Done!
Start: lol
lol
Done!
Start: walk
walk
Done!
Start: music
music
Done!
Start: away
away
Done!
Start: respect
respect
Done!
Start: get
get
Done!
Start: i_wish
i_wish
Done!
Start: it's
it's
Done!
Start: quiz
quiz
Done!
Start: upbeat
upbeat
Done!
Start: waste
waste
Done!
Start: chatter
chatter
Done!
Start: of
of
Done!
Start: league
league
Done!
Start: free
free
Done!
Start: last
last
Done!
Start: heading
heading
Done!
Start: and
and
Done!
Start: abandoned
abandoned
Done!
Start: how
how
Done!
Start: appearance
appearance
Done!
Start: value
value
Done!
Start: general
general
Done!
Start: will
will
Done!
Start: stunning
stunning
Done!
Start: ve
ve
Done!
Start: engagement
engagement
Done!
Start: wildlife
wildlife
Done!
Start: you
you
Done!
Start: let
let
Done!
Start: garden
garden
Done!
Start: juan
juan
Done!
Start: civilian
civilian
Done!
Start: radiation
radiation
Done!
Start: member
member
Done!
Start: interview
interview
Done!
Start: speaker
speaker
Done!
Start: united_nations
united_nations
Done!
Start: ball
ball
Done!
Start: premiere
premiere
Done!
Start: greg
greg
Done!
Start: student
student
Done!
Start: yep
yep
Done!
Start: sisters
sisters
Done!
Start: keep
keep
Done!
Start: houston
houston
Done!
Start: off
off
Done!
Start: center
center
Done!
Start: spring
spring
Done!
Start: well
well
Done!
Start: command
command
Done!
Start: fuck_it
fuck_it
Done!
Start: drawing
drawing
Done!
Start: can
can
Done!
Start: legendary
legendary
Done!
Start: bo
bo
Done!
Start: detail
detail
Done!
Start: front
front
Done!
Start: tool
tool
Done!
Start: san_francisco
san_francisco
Done!
Start: lauren
lauren
Done!
Start: web
web
Done!
Start: friday
friday
Done!
Start: nato
nato
Done!
Start: desk
desk
Done!
Start: press
press
Done!
Start: loss
loss
Done!
Start: priddy
priddy
Done!
Start: england
england
Done!
Start: like
like
Done!
Start: lost
lost
Done!
Start: ring
ring
Done!
Start: leaves
leaves
Done!
Start: feat
feat
Done!
Start: page
page
Done!
Start: twitter
twitter
Done!
Start: alive
alive
Done!
Start: hair
hair
Done!
Start: growth
growth
Done!
Start: recommendation
recommendation
Done!
Start: home
home
Done!
Start: trust
trust
Done!
Start: operation
operation
Done!
Start: lean
lean
Done!
Start: not_forgotten
not_forgotten
Done!
Start: heaven
heaven
Done!
Start: check_it_out
check_it_out
Done!
Start: r
r
Done!
Start: about
about
Done!
Start: rare
rare
Done!
Start: johnny
johnny
Done!
Start: december
december
Done!
Start: un
un
Done!
Start: americans
americans
Done!
Start: uk
uk
Done!
Start: japan
japan
Done!
Start: documentary
documentary
Done!
Start: phoenix_airport
phoenix_airport
Done!
Start: tag
tag
Done!
Start: socks
socks
Done!
Start: tackle
tackle
Done!
Start: weather
weather
Done!
Start: roads
roads
Done!
Start: chile
chile
Done!
Start: buy
buy
Done!
Start: bus
bus
Done!
Start: well
well
Done!
Start: embargo
embargo
Done!
Start: 2gether
2gether
Done!
Start: jenny
jenny
Done!
Start: wish
wish
Done!
Start: official
official
Done!
Start: philanthropy
philanthropy
Done!
Start: walk
walk
Done!
Start: record
record
Done!
Start: britain
britain
Done!
Start: catching
catching
Done!
Start: stories
stories
Done!
Start: irish
irish
Done!
Start: rubble
rubble
Done!
Start: pig
pig
Done!
Start: vancouver
vancouver
Done!
Start: education
education
Done!
Start: mutual
mutual
Done!
Start: lately
lately
Done!
Start: wireless
wireless
Done!
Start: five
five
Done!
Start: good_fight
good_fight
Done!
Start: repeat
repeat
Done!
Start: 4q
4q
Done!
Start: april
april
Done!
Start: chance
chance
Done!
Start: u
u
Done!
Start: karin
karin
Done!
Start: with_you
with_you
Done!
Start: n
n
Done!
Start: friends
friends
Done!
Start: page
page
Done!
Start: south
south
Done!
Start: local_time
local_time
Done!
Start: south_korean
south_korean
Done!
Start: shooting
shooting
Done!
